<?xml version="1.0" encoding="UTF-8"?>
<!-- Generated by org.testng.reporters.JUnitXMLReporter -->
<testsuite hostname="ideliver29" name="Test" tests="3" failures="0" timestamp="22 May 2020 11:46:08 GMT" time="60.351" errors="0">
  <testcase name="Multiple_Product_Selection_Test" time="10.07" classname="com.AP.qa.TEST1.TEST3"/>
  <testcase name="Login_And_Payment_Test" time="22.014" classname="com.AP.qa.TEST1.TEST3"/>
  <testcase name="Logout_Test" time="5.395" classname="com.AP.qa.TEST1.TEST3"/>
</testsuite> <!-- Test -->
