<?xml version="1.0" encoding="UTF-8"?>
<!-- Generated by org.testng.reporters.JUnitXMLReporter -->
<testsuite hostname="AVI26" name="Test5" tests="3" failures="0" timestamp="1 May 2020 09:41:19 GMT" time="48.169" errors="0">
  <testcase name="BookingTest" time="8.155" classname="com.AP.qa.test.TC005_Multiple_Products_WithoutLogin_Checkout_5"/>
  <testcase name="PaymentTest" time="18.933" classname="com.AP.qa.test.TC005_Multiple_Products_WithoutLogin_Checkout_5"/>
  <testcase name="LogoutTest" time="4.209" classname="com.AP.qa.test.TC005_Multiple_Products_WithoutLogin_Checkout_5"/>
</testsuite> <!-- Test5 -->
