<?xml version="1.0" encoding="UTF-8"?>
<!-- Generated by org.testng.reporters.JUnitXMLReporter -->
<testsuite hostname="AVI26" name="Test2" tests="4" failures="0" timestamp="1 May 2020 09:38:39 GMT" time="57.56" errors="0">
  <testcase name="LoginTest" time="12.969" classname="com.AP.qa.test.TC002_Multiple_Products_Checkout_2"/>
  <testcase name="MultiplePro" time="9.589" classname="com.AP.qa.test.TC002_Multiple_Products_Checkout_2"/>
  <testcase name="PaymentTest" time="13.366" classname="com.AP.qa.test.TC002_Multiple_Products_Checkout_2"/>
  <testcase name="LogoutTest" time="3.803" classname="com.AP.qa.test.TC002_Multiple_Products_Checkout_2"/>
</testsuite> <!-- Test2 -->
