<?xml version="1.0" encoding="UTF-8"?>
<!-- Generated by org.testng.reporters.JUnitXMLReporter -->
<testsuite hostname="AVI26" name="Test4" tests="3" failures="0" timestamp="1 May 2020 09:40:31 GMT" time="55.628" errors="0">
  <testcase name="BookingTest" time="8.808" classname="com.AP.qa.test.TC004_Single_Products_WithoutLogin_Checkout_4"/>
  <testcase name="PaymentTest" time="19.792" classname="com.AP.qa.test.TC004_Single_Products_WithoutLogin_Checkout_4"/>
  <testcase name="LogoutTest" time="7.105" classname="com.AP.qa.test.TC004_Single_Products_WithoutLogin_Checkout_4"/>
</testsuite> <!-- Test4 -->
