<?xml version="1.0" encoding="UTF-8"?>
<!-- Generated by org.testng.reporters.JUnitXMLReporter -->
<testsuite hostname="AVI26" name="Test1" tests="4" failures="0" timestamp="1 May 2020 09:37:41 GMT" time="82.195" errors="0">
  <testcase name="LoginTest" time="13.761" classname="com.AP.qa.test.TC001_Single_Product_Checkout1"/>
  <testcase name="BookingTest" time="8.606" classname="com.AP.qa.test.TC001_Single_Product_Checkout1"/>
  <testcase name="PaymentTest" time="15.227" classname="com.AP.qa.test.TC001_Single_Product_Checkout1"/>
  <testcase name="LogoutTest" time="4.029" classname="com.AP.qa.test.TC001_Single_Product_Checkout1"/>
</testsuite> <!-- Test1 -->
