<?xml version="1.0" encoding="UTF-8"?>
<testng-results skipped="0" failed="0" total="18" passed="18">
  <reporter-output>
    <line>
      <![CDATA[Before navigating to: 'http://automationpractice.com/index.php']]>
    </line>
    <line>
      <![CDATA[Navigated to:'http://automationpractice.com/index.php']]>
    </line>
    <line>
      <![CDATA[Trying to find Element By : By.xpath: //a[@class='login']]]>
    </line>
    <line>
      <![CDATA[Found Element By : By.xpath: //a[@class='login']]]>
    </line>
    <line>
      <![CDATA[Trying to click on: [[ChromeDriver: chrome on WINDOWS (d04893768751f2c5fcbe61351a002790)] -> xpath: //a[@class='login']]]]>
    </line>
    <line>
      <![CDATA[Clicked on: [[ChromeDriver: chrome on WINDOWS (d04893768751f2c5fcbe61351a002790)] -> xpath: //a[@class='login']]]]>
    </line>
    <line>
      <![CDATA[Trying to find Element By : By.xpath: //input[@id='email']]]>
    </line>
    <line>
      <![CDATA[Found Element By : By.xpath: //input[@id='email']]]>
    </line>
    <line>
      <![CDATA[Trying to find Element By : By.xpath: //input[@id='passwd']]]>
    </line>
    <line>
      <![CDATA[Found Element By : By.xpath: //input[@id='passwd']]]>
    </line>
    <line>
      <![CDATA[Trying to find Element By : By.xpath: //button[@id='SubmitLogin']]]>
    </line>
    <line>
      <![CDATA[Found Element By : By.xpath: //button[@id='SubmitLogin']]]>
    </line>
    <line>
      <![CDATA[Trying to click on: [[ChromeDriver: chrome on WINDOWS (d04893768751f2c5fcbe61351a002790)] -> xpath: //button[@id='SubmitLogin']]]]>
    </line>
    <line>
      <![CDATA[Clicked on: [[ChromeDriver: chrome on WINDOWS (d04893768751f2c5fcbe61351a002790)] -> xpath: //button[@id='SubmitLogin']]]]>
    </line>
    <line>
      <![CDATA[Trying to find Element By : By.xpath: //img[@class='logo img-responsive']]]>
    </line>
    <line>
      <![CDATA[Found Element By : By.xpath: //img[@class='logo img-responsive']]]>
    </line>
    <line>
      <![CDATA[Trying to click on: [[ChromeDriver: chrome on WINDOWS (d04893768751f2c5fcbe61351a002790)] -> xpath: //img[@class='logo img-responsive']]]]>
    </line>
    <line>
      <![CDATA[Clicked on: [[ChromeDriver: chrome on WINDOWS (d04893768751f2c5fcbe61351a002790)] -> xpath: //img[@class='logo img-responsive']]]]>
    </line>
    <line>
      <![CDATA[Trying to find Element By : By.xpath: //span[contains(text(),'sunil jaiswal')]]]>
    </line>
    <line>
      <![CDATA[Found Element By : By.xpath: //span[contains(text(),'sunil jaiswal')]]]>
    </line>
    <line>
      <![CDATA[Trying to find Element By : By.xpath: //ul[@id='homefeatured']//li[@class='ajax_block_product col-xs-12 col-sm-4 col-md-3 first-in-line first-item-of-tablet-line first-item-of-mobile-line']//div[@class='product-image-container']]]>
    </line>
    <line>
      <![CDATA[Found Element By : By.xpath: //ul[@id='homefeatured']//li[@class='ajax_block_product col-xs-12 col-sm-4 col-md-3 first-in-line first-item-of-tablet-line first-item-of-mobile-line']//div[@class='product-image-container']]]>
    </line>
    <line>
      <![CDATA[Trying to find Element By : By.xpath: //li[@class='ajax_block_product col-xs-12 col-sm-4 col-md-3 first-in-line first-item-of-tablet-line first-item-of-mobile-line hovered']//a[@class='product-name'][contains(text(),'Faded Short Sleeve T-shirts')]]]>
    </line>
    <line>
      <![CDATA[Found Element By : By.xpath: //li[@class='ajax_block_product col-xs-12 col-sm-4 col-md-3 first-in-line first-item-of-tablet-line first-item-of-mobile-line hovered']//a[@class='product-name'][contains(text(),'Faded Short Sleeve T-shirts')]]]>
    </line>
    <line>
      <![CDATA[Trying to click on: [[ChromeDriver: chrome on WINDOWS (d04893768751f2c5fcbe61351a002790)] -> xpath: //li[@class='ajax_block_product col-xs-12 col-sm-4 col-md-3 first-in-line first-item-of-tablet-line first-item-of-mobile-line hovered']//a[@class='product-name'][contains(text(),'Faded Short Sleeve T-shirts')]]]]>
    </line>
    <line>
      <![CDATA[Clicked on: [[ChromeDriver: chrome on WINDOWS (d04893768751f2c5fcbe61351a002790)] -> xpath: //li[@class='ajax_block_product col-xs-12 col-sm-4 col-md-3 first-in-line first-item-of-tablet-line first-item-of-mobile-line hovered']//a[@class='product-name'][contains(text(),'Faded Short Sleeve T-shirts')]]]]>
    </line>
    <line>
      <![CDATA[Trying to find Element By : By.xpath: //input[@id='quantity_wanted']]]>
    </line>
    <line>
      <![CDATA[Found Element By : By.xpath: //input[@id='quantity_wanted']]]>
    </line>
    <line>
      <![CDATA[Trying to find Element By : By.xpath: //input[@id='quantity_wanted']]]>
    </line>
    <line>
      <![CDATA[Found Element By : By.xpath: //input[@id='quantity_wanted']]]>
    </line>
    <line>
      <![CDATA[Trying to find Element By : By.xpath: //input[@id='quantity_wanted']]]>
    </line>
    <line>
      <![CDATA[Found Element By : By.xpath: //input[@id='quantity_wanted']]]>
    </line>
    <line>
      <![CDATA[Trying to find Element By : By.xpath: //div[@id='uniform-group_1']//following-sibling::option]]>
    </line>
    <line>
      <![CDATA[Found Element By : By.xpath: //div[@id='uniform-group_1']//following-sibling::option]]>
    </line>
    <line>
      <![CDATA[Trying to find Element By : By.xpath: //div[@id='uniform-group_1']//following-sibling::option]]>
    </line>
    <line>
      <![CDATA[Found Element By : By.xpath: //div[@id='uniform-group_1']//following-sibling::option]]>
    </line>
    <line>
      <![CDATA[Trying to find Element By : By.xpath: //div[@id='uniform-group_1']//following-sibling::option]]>
    </line>
    <line>
      <![CDATA[Found Element By : By.xpath: //div[@id='uniform-group_1']//following-sibling::option]]>
    </line>
    <line>
      <![CDATA[Trying to find Element By : By.xpath: //div[@id='uniform-group_1']//following-sibling::option]]>
    </line>
    <line>
      <![CDATA[Found Element By : By.xpath: //div[@id='uniform-group_1']//following-sibling::option]]>
    </line>
    <line>
      <![CDATA[Trying to find Element By : By.xpath: //div[@id='uniform-group_1']//following-sibling::option]]>
    </line>
    <line>
      <![CDATA[Found Element By : By.xpath: //div[@id='uniform-group_1']//following-sibling::option]]>
    </line>
    <line>
      <![CDATA[Trying to find Element By : By.xpath: //div[@id='uniform-group_1']//following-sibling::option]]>
    </line>
    <line>
      <![CDATA[Found Element By : By.xpath: //div[@id='uniform-group_1']//following-sibling::option]]>
    </line>
    <line>
      <![CDATA[Trying to find Element By : By.xpath: //div[@id='uniform-group_1']//following-sibling::option]]>
    </line>
    <line>
      <![CDATA[Found Element By : By.xpath: //div[@id='uniform-group_1']//following-sibling::option]]>
    </line>
    <line>
      <![CDATA[Trying to find Element By : By.xpath: //div[@id='uniform-group_1']//following-sibling::option]]>
    </line>
    <line>
      <![CDATA[Found Element By : By.xpath: //div[@id='uniform-group_1']//following-sibling::option]]>
    </line>
    <line>
      <![CDATA[Trying to click on: [[ChromeDriver: chrome on WINDOWS (d04893768751f2c5fcbe61351a002790)] -> xpath: //div[@id='uniform-group_1']//following-sibling::option]]]>
    </line>
    <line>
      <![CDATA[Clicked on: [[ChromeDriver: chrome on WINDOWS (d04893768751f2c5fcbe61351a002790)] -> xpath: //div[@id='uniform-group_1']//following-sibling::option]]]>
    </line>
    <line>
      <![CDATA[Trying to find Element By : By.xpath: //span[contains(text(),'Add to cart')]]]>
    </line>
    <line>
      <![CDATA[Found Element By : By.xpath: //span[contains(text(),'Add to cart')]]]>
    </line>
    <line>
      <![CDATA[Trying to click on: [[ChromeDriver: chrome on WINDOWS (d04893768751f2c5fcbe61351a002790)] -> xpath: //span[contains(text(),'Add to cart')]]]]>
    </line>
    <line>
      <![CDATA[Clicked on: [[ChromeDriver: chrome on WINDOWS (d04893768751f2c5fcbe61351a002790)] -> xpath: //span[contains(text(),'Add to cart')]]]]>
    </line>
    <line>
      <![CDATA[Trying to find Element By : By.xpath: //span[contains(text(),'Proceed to checkout')]]]>
    </line>
    <line>
      <![CDATA[Found Element By : By.xpath: //span[contains(text(),'Proceed to checkout')]]]>
    </line>
    <line>
      <![CDATA[Trying to find Element By : By.xpath: //span[contains(text(),'Proceed to checkout')]]]>
    </line>
    <line>
      <![CDATA[Found Element By : By.xpath: //span[contains(text(),'Proceed to checkout')]]]>
    </line>
    <line>
      <![CDATA[Trying to click on: [[ChromeDriver: chrome on WINDOWS (d04893768751f2c5fcbe61351a002790)] -> xpath: //span[contains(text(),'Proceed to checkout')]]]]>
    </line>
    <line>
      <![CDATA[Clicked on: [[ChromeDriver: chrome on WINDOWS (d04893768751f2c5fcbe61351a002790)] -> xpath: //span[contains(text(),'Proceed to checkout')]]]]>
    </line>
    <line>
      <![CDATA[Trying to find Element By : By.xpath: //span[contains(@id,'total_product_price')]]]>
    </line>
    <line>
      <![CDATA[Found Element By : By.xpath: //span[contains(@id,'total_product_price')]]]>
    </line>
    <line>
      <![CDATA[Trying to find Element By : By.xpath: //span[contains(@id,'total_product_price')]]]>
    </line>
    <line>
      <![CDATA[Found Element By : By.xpath: //span[contains(@id,'total_product_price')]]]>
    </line>
    <line>
      <![CDATA[Trying to find Element By : By.xpath: //span[contains(@id,'total_product_price')]]]>
    </line>
    <line>
      <![CDATA[Found Element By : By.xpath: //span[contains(@id,'total_product_price')]]]>
    </line>
    <line>
      <![CDATA[Trying to find Element By : By.xpath: //td[@id='total_shipping']]]>
    </line>
    <line>
      <![CDATA[Found Element By : By.xpath: //td[@id='total_shipping']]]>
    </line>
    <line>
      <![CDATA[Trying to find Element By : By.xpath: //span[@id='total_price']]]>
    </line>
    <line>
      <![CDATA[Found Element By : By.xpath: //span[@id='total_price']]]>
    </line>
    <line>
      <![CDATA[CheckOut Price  Validation     35.02 is equal to 35.02]]>
    </line>
    <line>
      <![CDATA[Trying to find Element By : By.xpath: //a[@class='button btn btn-default standard-checkout button-medium']//span[contains(text(),'Proceed to checkout')]]]>
    </line>
    <line>
      <![CDATA[Found Element By : By.xpath: //a[@class='button btn btn-default standard-checkout button-medium']//span[contains(text(),'Proceed to checkout')]]]>
    </line>
    <line>
      <![CDATA[Trying to click on: [[ChromeDriver: chrome on WINDOWS (d04893768751f2c5fcbe61351a002790)] -> xpath: //a[@class='button btn btn-default standard-checkout button-medium']//span[contains(text(),'Proceed to checkout')]]]]>
    </line>
    <line>
      <![CDATA[Clicked on: [[ChromeDriver: chrome on WINDOWS (d04893768751f2c5fcbe61351a002790)] -> xpath: //a[@class='button btn btn-default standard-checkout button-medium']//span[contains(text(),'Proceed to checkout')]]]]>
    </line>
    <line>
      <![CDATA[Trying to find Element By : By.xpath: //button[@name='processAddress']//span[contains(text(),'Proceed to checkout')]]]>
    </line>
    <line>
      <![CDATA[Found Element By : By.xpath: //button[@name='processAddress']//span[contains(text(),'Proceed to checkout')]]]>
    </line>
    <line>
      <![CDATA[Trying to click on: [[ChromeDriver: chrome on WINDOWS (d04893768751f2c5fcbe61351a002790)] -> xpath: //button[@name='processAddress']//span[contains(text(),'Proceed to checkout')]]]]>
    </line>
    <line>
      <![CDATA[Clicked on: [[ChromeDriver: chrome on WINDOWS (d04893768751f2c5fcbe61351a002790)] -> xpath: //button[@name='processAddress']//span[contains(text(),'Proceed to checkout')]]]]>
    </line>
    <line>
      <![CDATA[Trying to find Element By : By.xpath: //input[@id='cgv']]]>
    </line>
    <line>
      <![CDATA[Found Element By : By.xpath: //input[@id='cgv']]]>
    </line>
    <line>
      <![CDATA[Trying to click on: [[ChromeDriver: chrome on WINDOWS (d04893768751f2c5fcbe61351a002790)] -> xpath: //input[@id='cgv']]]]>
    </line>
    <line>
      <![CDATA[Clicked on: [[ChromeDriver: chrome on WINDOWS (d04893768751f2c5fcbe61351a002790)] -> xpath: //input[@id='cgv']]]]>
    </line>
    <line>
      <![CDATA[Trying to find Element By : By.xpath: //button[@name='processCarrier']//span[contains(text(),'Proceed to checkout')]]]>
    </line>
    <line>
      <![CDATA[Found Element By : By.xpath: //button[@name='processCarrier']//span[contains(text(),'Proceed to checkout')]]]>
    </line>
    <line>
      <![CDATA[Trying to click on: [[ChromeDriver: chrome on WINDOWS (d04893768751f2c5fcbe61351a002790)] -> xpath: //button[@name='processCarrier']//span[contains(text(),'Proceed to checkout')]]]]>
    </line>
    <line>
      <![CDATA[Clicked on: [[ChromeDriver: chrome on WINDOWS (d04893768751f2c5fcbe61351a002790)] -> xpath: //button[@name='processCarrier']//span[contains(text(),'Proceed to checkout')]]]]>
    </line>
    <line>
      <![CDATA[Trying to find Element By : By.xpath: //span[@id='total_price']]]>
    </line>
    <line>
      <![CDATA[Found Element By : By.xpath: //span[@id='total_price']]]>
    </line>
    <line>
      <![CDATA[Trying to find Element By : By.xpath: //a[@class='bankwire']]]>
    </line>
    <line>
      <![CDATA[Found Element By : By.xpath: //a[@class='bankwire']]]>
    </line>
    <line>
      <![CDATA[Trying to click on: [[ChromeDriver: chrome on WINDOWS (d04893768751f2c5fcbe61351a002790)] -> xpath: //a[@class='bankwire']]]]>
    </line>
    <line>
      <![CDATA[Clicked on: [[ChromeDriver: chrome on WINDOWS (d04893768751f2c5fcbe61351a002790)] -> xpath: //a[@class='bankwire']]]]>
    </line>
    <line>
      <![CDATA[Trying to find Element By : By.xpath: //span[contains(text(),'I confirm my order')]]]>
    </line>
    <line>
      <![CDATA[Found Element By : By.xpath: //span[contains(text(),'I confirm my order')]]]>
    </line>
    <line>
      <![CDATA[Trying to click on: [[ChromeDriver: chrome on WINDOWS (d04893768751f2c5fcbe61351a002790)] -> xpath: //span[contains(text(),'I confirm my order')]]]]>
    </line>
    <line>
      <![CDATA[Clicked on: [[ChromeDriver: chrome on WINDOWS (d04893768751f2c5fcbe61351a002790)] -> xpath: //span[contains(text(),'I confirm my order')]]]]>
    </line>
    <line>
      <![CDATA[Trying to find Element By : By.xpath: //span[@class='price']]]>
    </line>
    <line>
      <![CDATA[Found Element By : By.xpath: //span[@class='price']]]>
    </line>
    <line>
      <![CDATA[Final Price Validation Validation     35.02 is equal to 35.02]]>
    </line>
    <line>
      <![CDATA[Trying to find Element By : By.xpath: //a[@class='logout']]]>
    </line>
    <line>
      <![CDATA[Found Element By : By.xpath: //a[@class='logout']]]>
    </line>
    <line>
      <![CDATA[Trying to click on: [[ChromeDriver: chrome on WINDOWS (d04893768751f2c5fcbe61351a002790)] -> xpath: //a[@class='logout']]]]>
    </line>
    <line>
      <![CDATA[Clicked on: [[ChromeDriver: chrome on WINDOWS (d04893768751f2c5fcbe61351a002790)] -> xpath: //a[@class='logout']]]]>
    </line>
    <line>
      <![CDATA[Trying to find Element By : By.xpath: //div[@class='header_user_info']]]>
    </line>
    <line>
      <![CDATA[Found Element By : By.xpath: //div[@class='header_user_info']]]>
    </line>
    <line>
      <![CDATA[Logout successfull]]>
    </line>
    <line>
      <![CDATA[Before navigating to: 'http://automationpractice.com/index.php']]>
    </line>
    <line>
      <![CDATA[Navigated to:'http://automationpractice.com/index.php']]>
    </line>
    <line>
      <![CDATA[Trying to find Element By : By.xpath: //a[@class='login']]]>
    </line>
    <line>
      <![CDATA[Found Element By : By.xpath: //a[@class='login']]]>
    </line>
    <line>
      <![CDATA[Trying to click on: [[ChromeDriver: chrome on WINDOWS (b7a5ec8e84ff17039e20e3a024b9b4c1)] -> xpath: //a[@class='login']]]]>
    </line>
    <line>
      <![CDATA[Clicked on: [[ChromeDriver: chrome on WINDOWS (b7a5ec8e84ff17039e20e3a024b9b4c1)] -> xpath: //a[@class='login']]]]>
    </line>
    <line>
      <![CDATA[Trying to find Element By : By.xpath: //input[@id='email']]]>
    </line>
    <line>
      <![CDATA[Found Element By : By.xpath: //input[@id='email']]]>
    </line>
    <line>
      <![CDATA[Trying to find Element By : By.xpath: //input[@id='passwd']]]>
    </line>
    <line>
      <![CDATA[Found Element By : By.xpath: //input[@id='passwd']]]>
    </line>
    <line>
      <![CDATA[Trying to find Element By : By.xpath: //button[@id='SubmitLogin']]]>
    </line>
    <line>
      <![CDATA[Found Element By : By.xpath: //button[@id='SubmitLogin']]]>
    </line>
    <line>
      <![CDATA[Trying to click on: [[ChromeDriver: chrome on WINDOWS (b7a5ec8e84ff17039e20e3a024b9b4c1)] -> xpath: //button[@id='SubmitLogin']]]]>
    </line>
    <line>
      <![CDATA[Clicked on: [[ChromeDriver: chrome on WINDOWS (b7a5ec8e84ff17039e20e3a024b9b4c1)] -> xpath: //button[@id='SubmitLogin']]]]>
    </line>
    <line>
      <![CDATA[Trying to find Element By : By.xpath: //img[@class='logo img-responsive']]]>
    </line>
    <line>
      <![CDATA[Found Element By : By.xpath: //img[@class='logo img-responsive']]]>
    </line>
    <line>
      <![CDATA[Trying to click on: [[ChromeDriver: chrome on WINDOWS (b7a5ec8e84ff17039e20e3a024b9b4c1)] -> xpath: //img[@class='logo img-responsive']]]]>
    </line>
    <line>
      <![CDATA[Clicked on: [[ChromeDriver: chrome on WINDOWS (b7a5ec8e84ff17039e20e3a024b9b4c1)] -> xpath: //img[@class='logo img-responsive']]]]>
    </line>
    <line>
      <![CDATA[Trying to find Element By : By.xpath: //span[contains(text(),'sunil jaiswal')]]]>
    </line>
    <line>
      <![CDATA[Found Element By : By.xpath: //span[contains(text(),'sunil jaiswal')]]]>
    </line>
    <line>
      <![CDATA[Trying to find Element By : By.xpath: //ul[@id='homefeatured']//following-sibling::li]]>
    </line>
    <line>
      <![CDATA[Found Element By : By.xpath: //ul[@id='homefeatured']//following-sibling::li]]>
    </line>
    <line>
      <![CDATA[Trying to find Element By : By.xpath: //ul[@id='homefeatured']//following-sibling::li]]>
    </line>
    <line>
      <![CDATA[Found Element By : By.xpath: //ul[@id='homefeatured']//following-sibling::li]]>
    </line>
    <line>
      <![CDATA[Trying to find Element By : By.xpath: //ul[@id='homefeatured']//following-sibling::li]]>
    </line>
    <line>
      <![CDATA[Found Element By : By.xpath: //ul[@id='homefeatured']//following-sibling::li]]>
    </line>
    <line>
      <![CDATA[Trying to find Element By : By.xpath: //ul[@id='homefeatured']//following-sibling::li]]>
    </line>
    <line>
      <![CDATA[Found Element By : By.xpath: //ul[@id='homefeatured']//following-sibling::li]]>
    </line>
    <line>
      <![CDATA[Trying to find Element By : By.xpath: //li[contains(@class,'ajax_block_product col-xs-12 col-sm-4 col-md-3')]//span[contains(text(),'Add to cart')]]]>
    </line>
    <line>
      <![CDATA[Found Element By : By.xpath: //li[contains(@class,'ajax_block_product col-xs-12 col-sm-4 col-md-3')]//span[contains(text(),'Add to cart')]]]>
    </line>
    <line>
      <![CDATA[Trying to click on: [[ChromeDriver: chrome on WINDOWS (b7a5ec8e84ff17039e20e3a024b9b4c1)] -> xpath: //li[contains(@class,'ajax_block_product col-xs-12 col-sm-4 col-md-3')]//span[contains(text(),'Add to cart')]]]]>
    </line>
    <line>
      <![CDATA[Clicked on: [[ChromeDriver: chrome on WINDOWS (b7a5ec8e84ff17039e20e3a024b9b4c1)] -> xpath: //li[contains(@class,'ajax_block_product col-xs-12 col-sm-4 col-md-3')]//span[contains(text(),'Add to cart')]]]]>
    </line>
    <line>
      <![CDATA[Trying to find Element By : By.xpath: //span[@class='continue btn btn-default button exclusive-medium']]]>
    </line>
    <line>
      <![CDATA[Found Element By : By.xpath: //span[@class='continue btn btn-default button exclusive-medium']]]>
    </line>
    <line>
      <![CDATA[Trying to find Element By : By.xpath: //span[@class='continue btn btn-default button exclusive-medium']]]>
    </line>
    <line>
      <![CDATA[Found Element By : By.xpath: //span[@class='continue btn btn-default button exclusive-medium']]]>
    </line>
    <line>
      <![CDATA[Trying to click on: [[ChromeDriver: chrome on WINDOWS (b7a5ec8e84ff17039e20e3a024b9b4c1)] -> xpath: //span[@class='continue btn btn-default button exclusive-medium']]]]>
    </line>
    <line>
      <![CDATA[Clicked on: [[ChromeDriver: chrome on WINDOWS (b7a5ec8e84ff17039e20e3a024b9b4c1)] -> xpath: //span[@class='continue btn btn-default button exclusive-medium']]]]>
    </line>
    <line>
      <![CDATA[Trying to find Element By : By.xpath: //ul[@id='homefeatured']//following-sibling::li]]>
    </line>
    <line>
      <![CDATA[Found Element By : By.xpath: //ul[@id='homefeatured']//following-sibling::li]]>
    </line>
    <line>
      <![CDATA[Trying to find Element By : By.xpath: //ul[@id='homefeatured']//following-sibling::li]]>
    </line>
    <line>
      <![CDATA[Found Element By : By.xpath: //ul[@id='homefeatured']//following-sibling::li]]>
    </line>
    <line>
      <![CDATA[Trying to find Element By : By.xpath: //ul[@id='homefeatured']//following-sibling::li]]>
    </line>
    <line>
      <![CDATA[Found Element By : By.xpath: //ul[@id='homefeatured']//following-sibling::li]]>
    </line>
    <line>
      <![CDATA[Trying to find Element By : By.xpath: //ul[@id='homefeatured']//following-sibling::li]]>
    </line>
    <line>
      <![CDATA[Found Element By : By.xpath: //ul[@id='homefeatured']//following-sibling::li]]>
    </line>
    <line>
      <![CDATA[Trying to find Element By : By.xpath: //ul[@id='homefeatured']//following-sibling::li]]>
    </line>
    <line>
      <![CDATA[Found Element By : By.xpath: //ul[@id='homefeatured']//following-sibling::li]]>
    </line>
    <line>
      <![CDATA[Trying to find Element By : By.xpath: //ul[@id='homefeatured']//following-sibling::li]]>
    </line>
    <line>
      <![CDATA[Found Element By : By.xpath: //ul[@id='homefeatured']//following-sibling::li]]>
    </line>
    <line>
      <![CDATA[Trying to find Element By : By.xpath: //li[contains(@class,'ajax_block_product col-xs-12 col-sm-4 col-md-3')]//span[contains(text(),'Add to cart')]]]>
    </line>
    <line>
      <![CDATA[Found Element By : By.xpath: //li[contains(@class,'ajax_block_product col-xs-12 col-sm-4 col-md-3')]//span[contains(text(),'Add to cart')]]]>
    </line>
    <line>
      <![CDATA[Trying to click on: [[ChromeDriver: chrome on WINDOWS (b7a5ec8e84ff17039e20e3a024b9b4c1)] -> xpath: //li[contains(@class,'ajax_block_product col-xs-12 col-sm-4 col-md-3')]//span[contains(text(),'Add to cart')]]]]>
    </line>
    <line>
      <![CDATA[Clicked on: [[ChromeDriver: chrome on WINDOWS (b7a5ec8e84ff17039e20e3a024b9b4c1)] -> xpath: //li[contains(@class,'ajax_block_product col-xs-12 col-sm-4 col-md-3')]//span[contains(text(),'Add to cart')]]]]>
    </line>
    <line>
      <![CDATA[Trying to find Element By : By.xpath: //span[contains(text(),'Proceed to checkout')]]]>
    </line>
    <line>
      <![CDATA[Found Element By : By.xpath: //span[contains(text(),'Proceed to checkout')]]]>
    </line>
    <line>
      <![CDATA[Trying to click on: [[ChromeDriver: chrome on WINDOWS (b7a5ec8e84ff17039e20e3a024b9b4c1)] -> xpath: //span[contains(text(),'Proceed to checkout')]]]]>
    </line>
    <line>
      <![CDATA[Clicked on: [[ChromeDriver: chrome on WINDOWS (b7a5ec8e84ff17039e20e3a024b9b4c1)] -> xpath: //span[contains(text(),'Proceed to checkout')]]]]>
    </line>
    <line>
      <![CDATA[Trying to find Element By : By.xpath: //span[contains(@id,'total_product_price')]]]>
    </line>
    <line>
      <![CDATA[Found Element By : By.xpath: //span[contains(@id,'total_product_price')]]]>
    </line>
    <line>
      <![CDATA[Trying to find Element By : By.xpath: //span[contains(@id,'total_product_price')]]]>
    </line>
    <line>
      <![CDATA[Found Element By : By.xpath: //span[contains(@id,'total_product_price')]]]>
    </line>
    <line>
      <![CDATA[Trying to find Element By : By.xpath: //span[contains(@id,'total_product_price')]]]>
    </line>
    <line>
      <![CDATA[Found Element By : By.xpath: //span[contains(@id,'total_product_price')]]]>
    </line>
    <line>
      <![CDATA[Trying to find Element By : By.xpath: //span[contains(@id,'total_product_price')]]]>
    </line>
    <line>
      <![CDATA[Found Element By : By.xpath: //span[contains(@id,'total_product_price')]]]>
    </line>
    <line>
      <![CDATA[Trying to find Element By : By.xpath: //span[contains(@id,'total_product_price')]]]>
    </line>
    <line>
      <![CDATA[Found Element By : By.xpath: //span[contains(@id,'total_product_price')]]]>
    </line>
    <line>
      <![CDATA[Trying to find Element By : By.xpath: //td[@id='total_shipping']]]>
    </line>
    <line>
      <![CDATA[Found Element By : By.xpath: //td[@id='total_shipping']]]>
    </line>
    <line>
      <![CDATA[Trying to find Element By : By.xpath: //span[@id='total_price']]]>
    </line>
    <line>
      <![CDATA[Found Element By : By.xpath: //span[@id='total_price']]]>
    </line>
    <line>
      <![CDATA[CheckOut Price  Validation     45.51 is equal to 45.51]]>
    </line>
    <line>
      <![CDATA[Trying to find Element By : By.xpath: //a[@class='button btn btn-default standard-checkout button-medium']//span[contains(text(),'Proceed to checkout')]]]>
    </line>
    <line>
      <![CDATA[Found Element By : By.xpath: //a[@class='button btn btn-default standard-checkout button-medium']//span[contains(text(),'Proceed to checkout')]]]>
    </line>
    <line>
      <![CDATA[Trying to click on: [[ChromeDriver: chrome on WINDOWS (b7a5ec8e84ff17039e20e3a024b9b4c1)] -> xpath: //a[@class='button btn btn-default standard-checkout button-medium']//span[contains(text(),'Proceed to checkout')]]]]>
    </line>
    <line>
      <![CDATA[Clicked on: [[ChromeDriver: chrome on WINDOWS (b7a5ec8e84ff17039e20e3a024b9b4c1)] -> xpath: //a[@class='button btn btn-default standard-checkout button-medium']//span[contains(text(),'Proceed to checkout')]]]]>
    </line>
    <line>
      <![CDATA[Trying to find Element By : By.xpath: //button[@name='processAddress']//span[contains(text(),'Proceed to checkout')]]]>
    </line>
    <line>
      <![CDATA[Found Element By : By.xpath: //button[@name='processAddress']//span[contains(text(),'Proceed to checkout')]]]>
    </line>
    <line>
      <![CDATA[Trying to click on: [[ChromeDriver: chrome on WINDOWS (b7a5ec8e84ff17039e20e3a024b9b4c1)] -> xpath: //button[@name='processAddress']//span[contains(text(),'Proceed to checkout')]]]]>
    </line>
    <line>
      <![CDATA[Clicked on: [[ChromeDriver: chrome on WINDOWS (b7a5ec8e84ff17039e20e3a024b9b4c1)] -> xpath: //button[@name='processAddress']//span[contains(text(),'Proceed to checkout')]]]]>
    </line>
    <line>
      <![CDATA[Trying to find Element By : By.xpath: //input[@id='cgv']]]>
    </line>
    <line>
      <![CDATA[Found Element By : By.xpath: //input[@id='cgv']]]>
    </line>
    <line>
      <![CDATA[Trying to click on: [[ChromeDriver: chrome on WINDOWS (b7a5ec8e84ff17039e20e3a024b9b4c1)] -> xpath: //input[@id='cgv']]]]>
    </line>
    <line>
      <![CDATA[Clicked on: [[ChromeDriver: chrome on WINDOWS (b7a5ec8e84ff17039e20e3a024b9b4c1)] -> xpath: //input[@id='cgv']]]]>
    </line>
    <line>
      <![CDATA[Trying to find Element By : By.xpath: //button[@name='processCarrier']//span[contains(text(),'Proceed to checkout')]]]>
    </line>
    <line>
      <![CDATA[Found Element By : By.xpath: //button[@name='processCarrier']//span[contains(text(),'Proceed to checkout')]]]>
    </line>
    <line>
      <![CDATA[Trying to click on: [[ChromeDriver: chrome on WINDOWS (b7a5ec8e84ff17039e20e3a024b9b4c1)] -> xpath: //button[@name='processCarrier']//span[contains(text(),'Proceed to checkout')]]]]>
    </line>
    <line>
      <![CDATA[Clicked on: [[ChromeDriver: chrome on WINDOWS (b7a5ec8e84ff17039e20e3a024b9b4c1)] -> xpath: //button[@name='processCarrier']//span[contains(text(),'Proceed to checkout')]]]]>
    </line>
    <line>
      <![CDATA[Trying to find Element By : By.xpath: //span[@id='total_price']]]>
    </line>
    <line>
      <![CDATA[Found Element By : By.xpath: //span[@id='total_price']]]>
    </line>
    <line>
      <![CDATA[Trying to find Element By : By.xpath: //a[@class='bankwire']]]>
    </line>
    <line>
      <![CDATA[Found Element By : By.xpath: //a[@class='bankwire']]]>
    </line>
    <line>
      <![CDATA[Trying to click on: [[ChromeDriver: chrome on WINDOWS (b7a5ec8e84ff17039e20e3a024b9b4c1)] -> xpath: //a[@class='bankwire']]]]>
    </line>
    <line>
      <![CDATA[Clicked on: [[ChromeDriver: chrome on WINDOWS (b7a5ec8e84ff17039e20e3a024b9b4c1)] -> xpath: //a[@class='bankwire']]]]>
    </line>
    <line>
      <![CDATA[Trying to find Element By : By.xpath: //span[contains(text(),'I confirm my order')]]]>
    </line>
    <line>
      <![CDATA[Found Element By : By.xpath: //span[contains(text(),'I confirm my order')]]]>
    </line>
    <line>
      <![CDATA[Trying to click on: [[ChromeDriver: chrome on WINDOWS (b7a5ec8e84ff17039e20e3a024b9b4c1)] -> xpath: //span[contains(text(),'I confirm my order')]]]]>
    </line>
    <line>
      <![CDATA[Clicked on: [[ChromeDriver: chrome on WINDOWS (b7a5ec8e84ff17039e20e3a024b9b4c1)] -> xpath: //span[contains(text(),'I confirm my order')]]]]>
    </line>
    <line>
      <![CDATA[Trying to find Element By : By.xpath: //span[@class='price']]]>
    </line>
    <line>
      <![CDATA[Found Element By : By.xpath: //span[@class='price']]]>
    </line>
    <line>
      <![CDATA[Final Price Validation Validation     45.51 is equal to 45.51]]>
    </line>
    <line>
      <![CDATA[Trying to find Element By : By.xpath: //a[@class='logout']]]>
    </line>
    <line>
      <![CDATA[Found Element By : By.xpath: //a[@class='logout']]]>
    </line>
    <line>
      <![CDATA[Trying to click on: [[ChromeDriver: chrome on WINDOWS (b7a5ec8e84ff17039e20e3a024b9b4c1)] -> xpath: //a[@class='logout']]]]>
    </line>
    <line>
      <![CDATA[Clicked on: [[ChromeDriver: chrome on WINDOWS (b7a5ec8e84ff17039e20e3a024b9b4c1)] -> xpath: //a[@class='logout']]]]>
    </line>
    <line>
      <![CDATA[Trying to find Element By : By.xpath: //div[@class='header_user_info']]]>
    </line>
    <line>
      <![CDATA[Found Element By : By.xpath: //div[@class='header_user_info']]]>
    </line>
    <line>
      <![CDATA[Logout successfull]]>
    </line>
    <line>
      <![CDATA[Before navigating to: 'http://automationpractice.com/index.php']]>
    </line>
    <line>
      <![CDATA[Navigated to:'http://automationpractice.com/index.php']]>
    </line>
    <line>
      <![CDATA[Trying to find Element By : By.xpath: //a[@class='login']]]>
    </line>
    <line>
      <![CDATA[Found Element By : By.xpath: //a[@class='login']]]>
    </line>
    <line>
      <![CDATA[Trying to click on: [[ChromeDriver: chrome on WINDOWS (f0ff85b43c1dfe95e8c4d6524ccbbac8)] -> xpath: //a[@class='login']]]]>
    </line>
    <line>
      <![CDATA[Clicked on: [[ChromeDriver: chrome on WINDOWS (f0ff85b43c1dfe95e8c4d6524ccbbac8)] -> xpath: //a[@class='login']]]]>
    </line>
    <line>
      <![CDATA[Trying to find Element By : By.xpath: //input[@id='email']]]>
    </line>
    <line>
      <![CDATA[Found Element By : By.xpath: //input[@id='email']]]>
    </line>
    <line>
      <![CDATA[Trying to find Element By : By.xpath: //input[@id='passwd']]]>
    </line>
    <line>
      <![CDATA[Found Element By : By.xpath: //input[@id='passwd']]]>
    </line>
    <line>
      <![CDATA[Trying to find Element By : By.xpath: //button[@id='SubmitLogin']]]>
    </line>
    <line>
      <![CDATA[Found Element By : By.xpath: //button[@id='SubmitLogin']]]>
    </line>
    <line>
      <![CDATA[Trying to click on: [[ChromeDriver: chrome on WINDOWS (f0ff85b43c1dfe95e8c4d6524ccbbac8)] -> xpath: //button[@id='SubmitLogin']]]]>
    </line>
    <line>
      <![CDATA[Clicked on: [[ChromeDriver: chrome on WINDOWS (f0ff85b43c1dfe95e8c4d6524ccbbac8)] -> xpath: //button[@id='SubmitLogin']]]]>
    </line>
    <line>
      <![CDATA[Trying to find Element By : By.xpath: //span[contains(text(),'sunil jaiswal')]]]>
    </line>
    <line>
      <![CDATA[Found Element By : By.xpath: //span[contains(text(),'sunil jaiswal')]]]>
    </line>
    <line>
      <![CDATA[Trying to find Element By : By.xpath: //span[contains(text(),'Order history and details')]]]>
    </line>
    <line>
      <![CDATA[Found Element By : By.xpath: //span[contains(text(),'Order history and details')]]]>
    </line>
    <line>
      <![CDATA[Trying to click on: [[ChromeDriver: chrome on WINDOWS (f0ff85b43c1dfe95e8c4d6524ccbbac8)] -> xpath: //span[contains(text(),'Order history and details')]]]]>
    </line>
    <line>
      <![CDATA[Clicked on: [[ChromeDriver: chrome on WINDOWS (f0ff85b43c1dfe95e8c4d6524ccbbac8)] -> xpath: //span[contains(text(),'Order history and details')]]]]>
    </line>
    <line>
      <![CDATA[Trying to find Element By : By.xpath: //tr[contains(@class,'first_item')]//a[2]]]>
    </line>
    <line>
      <![CDATA[Found Element By : By.xpath: //tr[contains(@class,'first_item')]//a[2]]]>
    </line>
    <line>
      <![CDATA[Trying to click on: [[ChromeDriver: chrome on WINDOWS (f0ff85b43c1dfe95e8c4d6524ccbbac8)] -> xpath: //tr[contains(@class,'first_item')]//a[2]]]]>
    </line>
    <line>
      <![CDATA[Clicked on: [[ChromeDriver: chrome on WINDOWS (f0ff85b43c1dfe95e8c4d6524ccbbac8)] -> xpath: //tr[contains(@class,'first_item')]//a[2]]]]>
    </line>
    <line>
      <![CDATA[Trying to find Element By : By.xpath: //span[contains(@id,'total_product_price')]]]>
    </line>
    <line>
      <![CDATA[Found Element By : By.xpath: //span[contains(@id,'total_product_price')]]]>
    </line>
    <line>
      <![CDATA[Trying to find Element By : By.xpath: //span[contains(@id,'total_product_price')]]]>
    </line>
    <line>
      <![CDATA[Found Element By : By.xpath: //span[contains(@id,'total_product_price')]]]>
    </line>
    <line>
      <![CDATA[Trying to find Element By : By.xpath: //span[contains(@id,'total_product_price')]]]>
    </line>
    <line>
      <![CDATA[Found Element By : By.xpath: //span[contains(@id,'total_product_price')]]]>
    </line>
    <line>
      <![CDATA[Trying to find Element By : By.xpath: //span[contains(@id,'total_product_price')]]]>
    </line>
    <line>
      <![CDATA[Found Element By : By.xpath: //span[contains(@id,'total_product_price')]]]>
    </line>
    <line>
      <![CDATA[Trying to find Element By : By.xpath: //span[contains(@id,'total_product_price')]]]>
    </line>
    <line>
      <![CDATA[Found Element By : By.xpath: //span[contains(@id,'total_product_price')]]]>
    </line>
    <line>
      <![CDATA[Trying to find Element By : By.xpath: //td[@id='total_shipping']]]>
    </line>
    <line>
      <![CDATA[Found Element By : By.xpath: //td[@id='total_shipping']]]>
    </line>
    <line>
      <![CDATA[Trying to find Element By : By.xpath: //span[@id='total_price']]]>
    </line>
    <line>
      <![CDATA[Found Element By : By.xpath: //span[@id='total_price']]]>
    </line>
    <line>
      <![CDATA[CheckOut Price  Validation     45.51 is equal to 45.51]]>
    </line>
    <line>
      <![CDATA[Trying to find Element By : By.xpath: //a[@class='button btn btn-default standard-checkout button-medium']//span[contains(text(),'Proceed to checkout')]]]>
    </line>
    <line>
      <![CDATA[Found Element By : By.xpath: //a[@class='button btn btn-default standard-checkout button-medium']//span[contains(text(),'Proceed to checkout')]]]>
    </line>
    <line>
      <![CDATA[Trying to click on: [[ChromeDriver: chrome on WINDOWS (f0ff85b43c1dfe95e8c4d6524ccbbac8)] -> xpath: //a[@class='button btn btn-default standard-checkout button-medium']//span[contains(text(),'Proceed to checkout')]]]]>
    </line>
    <line>
      <![CDATA[Clicked on: [[ChromeDriver: chrome on WINDOWS (f0ff85b43c1dfe95e8c4d6524ccbbac8)] -> xpath: //a[@class='button btn btn-default standard-checkout button-medium']//span[contains(text(),'Proceed to checkout')]]]]>
    </line>
    <line>
      <![CDATA[Trying to find Element By : By.xpath: //button[@name='processAddress']//span[contains(text(),'Proceed to checkout')]]]>
    </line>
    <line>
      <![CDATA[Found Element By : By.xpath: //button[@name='processAddress']//span[contains(text(),'Proceed to checkout')]]]>
    </line>
    <line>
      <![CDATA[Trying to click on: [[ChromeDriver: chrome on WINDOWS (f0ff85b43c1dfe95e8c4d6524ccbbac8)] -> xpath: //button[@name='processAddress']//span[contains(text(),'Proceed to checkout')]]]]>
    </line>
    <line>
      <![CDATA[Clicked on: [[ChromeDriver: chrome on WINDOWS (f0ff85b43c1dfe95e8c4d6524ccbbac8)] -> xpath: //button[@name='processAddress']//span[contains(text(),'Proceed to checkout')]]]]>
    </line>
    <line>
      <![CDATA[Trying to find Element By : By.xpath: //input[@id='cgv']]]>
    </line>
    <line>
      <![CDATA[Found Element By : By.xpath: //input[@id='cgv']]]>
    </line>
    <line>
      <![CDATA[Trying to click on: [[ChromeDriver: chrome on WINDOWS (f0ff85b43c1dfe95e8c4d6524ccbbac8)] -> xpath: //input[@id='cgv']]]]>
    </line>
    <line>
      <![CDATA[Clicked on: [[ChromeDriver: chrome on WINDOWS (f0ff85b43c1dfe95e8c4d6524ccbbac8)] -> xpath: //input[@id='cgv']]]]>
    </line>
    <line>
      <![CDATA[Trying to find Element By : By.xpath: //button[@name='processCarrier']//span[contains(text(),'Proceed to checkout')]]]>
    </line>
    <line>
      <![CDATA[Found Element By : By.xpath: //button[@name='processCarrier']//span[contains(text(),'Proceed to checkout')]]]>
    </line>
    <line>
      <![CDATA[Trying to click on: [[ChromeDriver: chrome on WINDOWS (f0ff85b43c1dfe95e8c4d6524ccbbac8)] -> xpath: //button[@name='processCarrier']//span[contains(text(),'Proceed to checkout')]]]]>
    </line>
    <line>
      <![CDATA[Clicked on: [[ChromeDriver: chrome on WINDOWS (f0ff85b43c1dfe95e8c4d6524ccbbac8)] -> xpath: //button[@name='processCarrier']//span[contains(text(),'Proceed to checkout')]]]]>
    </line>
    <line>
      <![CDATA[Trying to find Element By : By.xpath: //span[@id='total_price']]]>
    </line>
    <line>
      <![CDATA[Found Element By : By.xpath: //span[@id='total_price']]]>
    </line>
    <line>
      <![CDATA[Trying to find Element By : By.xpath: //a[@class='bankwire']]]>
    </line>
    <line>
      <![CDATA[Found Element By : By.xpath: //a[@class='bankwire']]]>
    </line>
    <line>
      <![CDATA[Trying to click on: [[ChromeDriver: chrome on WINDOWS (f0ff85b43c1dfe95e8c4d6524ccbbac8)] -> xpath: //a[@class='bankwire']]]]>
    </line>
    <line>
      <![CDATA[Clicked on: [[ChromeDriver: chrome on WINDOWS (f0ff85b43c1dfe95e8c4d6524ccbbac8)] -> xpath: //a[@class='bankwire']]]]>
    </line>
    <line>
      <![CDATA[Trying to find Element By : By.xpath: //span[contains(text(),'I confirm my order')]]]>
    </line>
    <line>
      <![CDATA[Found Element By : By.xpath: //span[contains(text(),'I confirm my order')]]]>
    </line>
    <line>
      <![CDATA[Trying to click on: [[ChromeDriver: chrome on WINDOWS (f0ff85b43c1dfe95e8c4d6524ccbbac8)] -> xpath: //span[contains(text(),'I confirm my order')]]]]>
    </line>
    <line>
      <![CDATA[Clicked on: [[ChromeDriver: chrome on WINDOWS (f0ff85b43c1dfe95e8c4d6524ccbbac8)] -> xpath: //span[contains(text(),'I confirm my order')]]]]>
    </line>
    <line>
      <![CDATA[Trying to find Element By : By.xpath: //span[@class='price']]]>
    </line>
    <line>
      <![CDATA[Found Element By : By.xpath: //span[@class='price']]]>
    </line>
    <line>
      <![CDATA[Final Price Validation Validation     45.51 is equal to 45.51]]>
    </line>
    <line>
      <![CDATA[Trying to find Element By : By.xpath: //a[@class='logout']]]>
    </line>
    <line>
      <![CDATA[Found Element By : By.xpath: //a[@class='logout']]]>
    </line>
    <line>
      <![CDATA[Trying to click on: [[ChromeDriver: chrome on WINDOWS (f0ff85b43c1dfe95e8c4d6524ccbbac8)] -> xpath: //a[@class='logout']]]]>
    </line>
    <line>
      <![CDATA[Clicked on: [[ChromeDriver: chrome on WINDOWS (f0ff85b43c1dfe95e8c4d6524ccbbac8)] -> xpath: //a[@class='logout']]]]>
    </line>
    <line>
      <![CDATA[Trying to find Element By : By.xpath: //div[@class='header_user_info']]]>
    </line>
    <line>
      <![CDATA[Found Element By : By.xpath: //div[@class='header_user_info']]]>
    </line>
    <line>
      <![CDATA[Logout successfull]]>
    </line>
    <line>
      <![CDATA[Before navigating to: 'http://automationpractice.com/index.php']]>
    </line>
    <line>
      <![CDATA[Navigated to:'http://automationpractice.com/index.php']]>
    </line>
    <line>
      <![CDATA[Trying to find Element By : By.xpath: //ul[@id='homefeatured']//li[@class='ajax_block_product col-xs-12 col-sm-4 col-md-3 first-in-line first-item-of-tablet-line first-item-of-mobile-line']//div[@class='product-image-container']]]>
    </line>
    <line>
      <![CDATA[Found Element By : By.xpath: //ul[@id='homefeatured']//li[@class='ajax_block_product col-xs-12 col-sm-4 col-md-3 first-in-line first-item-of-tablet-line first-item-of-mobile-line']//div[@class='product-image-container']]]>
    </line>
    <line>
      <![CDATA[Trying to find Element By : By.xpath: //li[@class='ajax_block_product col-xs-12 col-sm-4 col-md-3 first-in-line first-item-of-tablet-line first-item-of-mobile-line hovered']//a[@class='product-name'][contains(text(),'Faded Short Sleeve T-shirts')]]]>
    </line>
    <line>
      <![CDATA[Found Element By : By.xpath: //li[@class='ajax_block_product col-xs-12 col-sm-4 col-md-3 first-in-line first-item-of-tablet-line first-item-of-mobile-line hovered']//a[@class='product-name'][contains(text(),'Faded Short Sleeve T-shirts')]]]>
    </line>
    <line>
      <![CDATA[Trying to click on: [[ChromeDriver: chrome on WINDOWS (422daa76654a9f763c21c5fb2d7633b0)] -> xpath: //li[@class='ajax_block_product col-xs-12 col-sm-4 col-md-3 first-in-line first-item-of-tablet-line first-item-of-mobile-line hovered']//a[@class='product-name'][contains(text(),'Faded Short Sleeve T-shirts')]]]]>
    </line>
    <line>
      <![CDATA[Clicked on: [[ChromeDriver: chrome on WINDOWS (422daa76654a9f763c21c5fb2d7633b0)] -> xpath: //li[@class='ajax_block_product col-xs-12 col-sm-4 col-md-3 first-in-line first-item-of-tablet-line first-item-of-mobile-line hovered']//a[@class='product-name'][contains(text(),'Faded Short Sleeve T-shirts')]]]]>
    </line>
    <line>
      <![CDATA[Trying to find Element By : By.xpath: //input[@id='quantity_wanted']]]>
    </line>
    <line>
      <![CDATA[Found Element By : By.xpath: //input[@id='quantity_wanted']]]>
    </line>
    <line>
      <![CDATA[Trying to find Element By : By.xpath: //input[@id='quantity_wanted']]]>
    </line>
    <line>
      <![CDATA[Found Element By : By.xpath: //input[@id='quantity_wanted']]]>
    </line>
    <line>
      <![CDATA[Trying to find Element By : By.xpath: //input[@id='quantity_wanted']]]>
    </line>
    <line>
      <![CDATA[Found Element By : By.xpath: //input[@id='quantity_wanted']]]>
    </line>
    <line>
      <![CDATA[Trying to find Element By : By.xpath: //div[@id='uniform-group_1']//following-sibling::option]]>
    </line>
    <line>
      <![CDATA[Found Element By : By.xpath: //div[@id='uniform-group_1']//following-sibling::option]]>
    </line>
    <line>
      <![CDATA[Trying to find Element By : By.xpath: //div[@id='uniform-group_1']//following-sibling::option]]>
    </line>
    <line>
      <![CDATA[Found Element By : By.xpath: //div[@id='uniform-group_1']//following-sibling::option]]>
    </line>
    <line>
      <![CDATA[Trying to find Element By : By.xpath: //div[@id='uniform-group_1']//following-sibling::option]]>
    </line>
    <line>
      <![CDATA[Found Element By : By.xpath: //div[@id='uniform-group_1']//following-sibling::option]]>
    </line>
    <line>
      <![CDATA[Trying to find Element By : By.xpath: //div[@id='uniform-group_1']//following-sibling::option]]>
    </line>
    <line>
      <![CDATA[Found Element By : By.xpath: //div[@id='uniform-group_1']//following-sibling::option]]>
    </line>
    <line>
      <![CDATA[Trying to find Element By : By.xpath: //div[@id='uniform-group_1']//following-sibling::option]]>
    </line>
    <line>
      <![CDATA[Found Element By : By.xpath: //div[@id='uniform-group_1']//following-sibling::option]]>
    </line>
    <line>
      <![CDATA[Trying to find Element By : By.xpath: //div[@id='uniform-group_1']//following-sibling::option]]>
    </line>
    <line>
      <![CDATA[Found Element By : By.xpath: //div[@id='uniform-group_1']//following-sibling::option]]>
    </line>
    <line>
      <![CDATA[Trying to find Element By : By.xpath: //div[@id='uniform-group_1']//following-sibling::option]]>
    </line>
    <line>
      <![CDATA[Found Element By : By.xpath: //div[@id='uniform-group_1']//following-sibling::option]]>
    </line>
    <line>
      <![CDATA[Trying to find Element By : By.xpath: //div[@id='uniform-group_1']//following-sibling::option]]>
    </line>
    <line>
      <![CDATA[Found Element By : By.xpath: //div[@id='uniform-group_1']//following-sibling::option]]>
    </line>
    <line>
      <![CDATA[Trying to click on: [[ChromeDriver: chrome on WINDOWS (422daa76654a9f763c21c5fb2d7633b0)] -> xpath: //div[@id='uniform-group_1']//following-sibling::option]]]>
    </line>
    <line>
      <![CDATA[Clicked on: [[ChromeDriver: chrome on WINDOWS (422daa76654a9f763c21c5fb2d7633b0)] -> xpath: //div[@id='uniform-group_1']//following-sibling::option]]]>
    </line>
    <line>
      <![CDATA[Trying to find Element By : By.xpath: //span[contains(text(),'Add to cart')]]]>
    </line>
    <line>
      <![CDATA[Found Element By : By.xpath: //span[contains(text(),'Add to cart')]]]>
    </line>
    <line>
      <![CDATA[Trying to click on: [[ChromeDriver: chrome on WINDOWS (422daa76654a9f763c21c5fb2d7633b0)] -> xpath: //span[contains(text(),'Add to cart')]]]]>
    </line>
    <line>
      <![CDATA[Clicked on: [[ChromeDriver: chrome on WINDOWS (422daa76654a9f763c21c5fb2d7633b0)] -> xpath: //span[contains(text(),'Add to cart')]]]]>
    </line>
    <line>
      <![CDATA[Trying to find Element By : By.xpath: //span[contains(text(),'Proceed to checkout')]]]>
    </line>
    <line>
      <![CDATA[Found Element By : By.xpath: //span[contains(text(),'Proceed to checkout')]]]>
    </line>
    <line>
      <![CDATA[Trying to find Element By : By.xpath: //span[contains(text(),'Proceed to checkout')]]]>
    </line>
    <line>
      <![CDATA[Found Element By : By.xpath: //span[contains(text(),'Proceed to checkout')]]]>
    </line>
    <line>
      <![CDATA[Trying to click on: [[ChromeDriver: chrome on WINDOWS (422daa76654a9f763c21c5fb2d7633b0)] -> xpath: //span[contains(text(),'Proceed to checkout')]]]]>
    </line>
    <line>
      <![CDATA[Clicked on: [[ChromeDriver: chrome on WINDOWS (422daa76654a9f763c21c5fb2d7633b0)] -> xpath: //span[contains(text(),'Proceed to checkout')]]]]>
    </line>
    <line>
      <![CDATA[Trying to find Element By : By.xpath: //span[contains(@id,'total_product_price')]]]>
    </line>
    <line>
      <![CDATA[Found Element By : By.xpath: //span[contains(@id,'total_product_price')]]]>
    </line>
    <line>
      <![CDATA[Trying to find Element By : By.xpath: //span[contains(@id,'total_product_price')]]]>
    </line>
    <line>
      <![CDATA[Found Element By : By.xpath: //span[contains(@id,'total_product_price')]]]>
    </line>
    <line>
      <![CDATA[Trying to find Element By : By.xpath: //span[contains(@id,'total_product_price')]]]>
    </line>
    <line>
      <![CDATA[Found Element By : By.xpath: //span[contains(@id,'total_product_price')]]]>
    </line>
    <line>
      <![CDATA[Trying to find Element By : By.xpath: //td[@id='total_shipping']]]>
    </line>
    <line>
      <![CDATA[Found Element By : By.xpath: //td[@id='total_shipping']]]>
    </line>
    <line>
      <![CDATA[Trying to find Element By : By.xpath: //span[@id='total_price']]]>
    </line>
    <line>
      <![CDATA[Found Element By : By.xpath: //span[@id='total_price']]]>
    </line>
    <line>
      <![CDATA[CheckOut Price  Validation     35.02 is equal to 35.02]]>
    </line>
    <line>
      <![CDATA[Trying to find Element By : By.xpath: //a[@class='button btn btn-default standard-checkout button-medium']//span[contains(text(),'Proceed to checkout')]]]>
    </line>
    <line>
      <![CDATA[Found Element By : By.xpath: //a[@class='button btn btn-default standard-checkout button-medium']//span[contains(text(),'Proceed to checkout')]]]>
    </line>
    <line>
      <![CDATA[Trying to click on: [[ChromeDriver: chrome on WINDOWS (422daa76654a9f763c21c5fb2d7633b0)] -> xpath: //a[@class='button btn btn-default standard-checkout button-medium']//span[contains(text(),'Proceed to checkout')]]]]>
    </line>
    <line>
      <![CDATA[Clicked on: [[ChromeDriver: chrome on WINDOWS (422daa76654a9f763c21c5fb2d7633b0)] -> xpath: //a[@class='button btn btn-default standard-checkout button-medium']//span[contains(text(),'Proceed to checkout')]]]]>
    </line>
    <line>
      <![CDATA[Trying to find Element By : By.xpath: //input[@id='email']]]>
    </line>
    <line>
      <![CDATA[Found Element By : By.xpath: //input[@id='email']]]>
    </line>
    <line>
      <![CDATA[Trying to find Element By : By.xpath: //input[@id='passwd']]]>
    </line>
    <line>
      <![CDATA[Found Element By : By.xpath: //input[@id='passwd']]]>
    </line>
    <line>
      <![CDATA[Trying to find Element By : By.xpath: //button[@id='SubmitLogin']]]>
    </line>
    <line>
      <![CDATA[Found Element By : By.xpath: //button[@id='SubmitLogin']]]>
    </line>
    <line>
      <![CDATA[Trying to click on: [[ChromeDriver: chrome on WINDOWS (422daa76654a9f763c21c5fb2d7633b0)] -> xpath: //button[@id='SubmitLogin']]]]>
    </line>
    <line>
      <![CDATA[Clicked on: [[ChromeDriver: chrome on WINDOWS (422daa76654a9f763c21c5fb2d7633b0)] -> xpath: //button[@id='SubmitLogin']]]]>
    </line>
    <line>
      <![CDATA[Trying to find Element By : By.xpath: //span[contains(text(),'sunil jaiswal')]]]>
    </line>
    <line>
      <![CDATA[Found Element By : By.xpath: //span[contains(text(),'sunil jaiswal')]]]>
    </line>
    <line>
      <![CDATA[Trying to find Element By : By.xpath: //button[@name='processAddress']//span[contains(text(),'Proceed to checkout')]]]>
    </line>
    <line>
      <![CDATA[Found Element By : By.xpath: //button[@name='processAddress']//span[contains(text(),'Proceed to checkout')]]]>
    </line>
    <line>
      <![CDATA[Trying to click on: [[ChromeDriver: chrome on WINDOWS (422daa76654a9f763c21c5fb2d7633b0)] -> xpath: //button[@name='processAddress']//span[contains(text(),'Proceed to checkout')]]]]>
    </line>
    <line>
      <![CDATA[Clicked on: [[ChromeDriver: chrome on WINDOWS (422daa76654a9f763c21c5fb2d7633b0)] -> xpath: //button[@name='processAddress']//span[contains(text(),'Proceed to checkout')]]]]>
    </line>
    <line>
      <![CDATA[Trying to find Element By : By.xpath: //input[@id='cgv']]]>
    </line>
    <line>
      <![CDATA[Found Element By : By.xpath: //input[@id='cgv']]]>
    </line>
    <line>
      <![CDATA[Trying to click on: [[ChromeDriver: chrome on WINDOWS (422daa76654a9f763c21c5fb2d7633b0)] -> xpath: //input[@id='cgv']]]]>
    </line>
    <line>
      <![CDATA[Clicked on: [[ChromeDriver: chrome on WINDOWS (422daa76654a9f763c21c5fb2d7633b0)] -> xpath: //input[@id='cgv']]]]>
    </line>
    <line>
      <![CDATA[Trying to find Element By : By.xpath: //button[@name='processCarrier']//span[contains(text(),'Proceed to checkout')]]]>
    </line>
    <line>
      <![CDATA[Found Element By : By.xpath: //button[@name='processCarrier']//span[contains(text(),'Proceed to checkout')]]]>
    </line>
    <line>
      <![CDATA[Trying to click on: [[ChromeDriver: chrome on WINDOWS (422daa76654a9f763c21c5fb2d7633b0)] -> xpath: //button[@name='processCarrier']//span[contains(text(),'Proceed to checkout')]]]]>
    </line>
    <line>
      <![CDATA[Clicked on: [[ChromeDriver: chrome on WINDOWS (422daa76654a9f763c21c5fb2d7633b0)] -> xpath: //button[@name='processCarrier']//span[contains(text(),'Proceed to checkout')]]]]>
    </line>
    <line>
      <![CDATA[Trying to find Element By : By.xpath: //span[@id='total_price']]]>
    </line>
    <line>
      <![CDATA[Found Element By : By.xpath: //span[@id='total_price']]]>
    </line>
    <line>
      <![CDATA[Trying to find Element By : By.xpath: //a[@class='bankwire']]]>
    </line>
    <line>
      <![CDATA[Found Element By : By.xpath: //a[@class='bankwire']]]>
    </line>
    <line>
      <![CDATA[Trying to click on: [[ChromeDriver: chrome on WINDOWS (422daa76654a9f763c21c5fb2d7633b0)] -> xpath: //a[@class='bankwire']]]]>
    </line>
    <line>
      <![CDATA[Clicked on: [[ChromeDriver: chrome on WINDOWS (422daa76654a9f763c21c5fb2d7633b0)] -> xpath: //a[@class='bankwire']]]]>
    </line>
    <line>
      <![CDATA[Trying to find Element By : By.xpath: //span[contains(text(),'I confirm my order')]]]>
    </line>
    <line>
      <![CDATA[Found Element By : By.xpath: //span[contains(text(),'I confirm my order')]]]>
    </line>
    <line>
      <![CDATA[Trying to click on: [[ChromeDriver: chrome on WINDOWS (422daa76654a9f763c21c5fb2d7633b0)] -> xpath: //span[contains(text(),'I confirm my order')]]]]>
    </line>
    <line>
      <![CDATA[Clicked on: [[ChromeDriver: chrome on WINDOWS (422daa76654a9f763c21c5fb2d7633b0)] -> xpath: //span[contains(text(),'I confirm my order')]]]]>
    </line>
    <line>
      <![CDATA[Trying to find Element By : By.xpath: //span[@class='price']]]>
    </line>
    <line>
      <![CDATA[Found Element By : By.xpath: //span[@class='price']]]>
    </line>
    <line>
      <![CDATA[Final Price Validation Validation     35.02 is equal to 35.02]]>
    </line>
    <line>
      <![CDATA[Trying to find Element By : By.xpath: //a[@class='logout']]]>
    </line>
    <line>
      <![CDATA[Found Element By : By.xpath: //a[@class='logout']]]>
    </line>
    <line>
      <![CDATA[Trying to click on: [[ChromeDriver: chrome on WINDOWS (422daa76654a9f763c21c5fb2d7633b0)] -> xpath: //a[@class='logout']]]]>
    </line>
    <line>
      <![CDATA[Clicked on: [[ChromeDriver: chrome on WINDOWS (422daa76654a9f763c21c5fb2d7633b0)] -> xpath: //a[@class='logout']]]]>
    </line>
    <line>
      <![CDATA[Trying to find Element By : By.xpath: //div[@class='header_user_info']]]>
    </line>
    <line>
      <![CDATA[Found Element By : By.xpath: //div[@class='header_user_info']]]>
    </line>
    <line>
      <![CDATA[Logout successfull]]>
    </line>
    <line>
      <![CDATA[Before navigating to: 'http://automationpractice.com/index.php']]>
    </line>
    <line>
      <![CDATA[Navigated to:'http://automationpractice.com/index.php']]>
    </line>
    <line>
      <![CDATA[Trying to find Element By : By.xpath: //ul[@id='homefeatured']//li[@class='ajax_block_product col-xs-12 col-sm-4 col-md-3 first-in-line first-item-of-tablet-line first-item-of-mobile-line']//div[@class='product-image-container']]]>
    </line>
    <line>
      <![CDATA[Found Element By : By.xpath: //ul[@id='homefeatured']//li[@class='ajax_block_product col-xs-12 col-sm-4 col-md-3 first-in-line first-item-of-tablet-line first-item-of-mobile-line']//div[@class='product-image-container']]]>
    </line>
    <line>
      <![CDATA[Trying to find Element By : By.xpath: //ul[@id='homefeatured']//following-sibling::li]]>
    </line>
    <line>
      <![CDATA[Found Element By : By.xpath: //ul[@id='homefeatured']//following-sibling::li]]>
    </line>
    <line>
      <![CDATA[Trying to find Element By : By.xpath: //ul[@id='homefeatured']//following-sibling::li]]>
    </line>
    <line>
      <![CDATA[Found Element By : By.xpath: //ul[@id='homefeatured']//following-sibling::li]]>
    </line>
    <line>
      <![CDATA[Trying to find Element By : By.xpath: //ul[@id='homefeatured']//following-sibling::li]]>
    </line>
    <line>
      <![CDATA[Found Element By : By.xpath: //ul[@id='homefeatured']//following-sibling::li]]>
    </line>
    <line>
      <![CDATA[Trying to find Element By : By.xpath: //ul[@id='homefeatured']//following-sibling::li]]>
    </line>
    <line>
      <![CDATA[Found Element By : By.xpath: //ul[@id='homefeatured']//following-sibling::li]]>
    </line>
    <line>
      <![CDATA[Trying to find Element By : By.xpath: //li[contains(@class,'ajax_block_product col-xs-12 col-sm-4 col-md-3')]//span[contains(text(),'Add to cart')]]]>
    </line>
    <line>
      <![CDATA[Found Element By : By.xpath: //li[contains(@class,'ajax_block_product col-xs-12 col-sm-4 col-md-3')]//span[contains(text(),'Add to cart')]]]>
    </line>
    <line>
      <![CDATA[Trying to click on: [[ChromeDriver: chrome on WINDOWS (184696b23263f467a05ac1a6f3b4aaf4)] -> xpath: //li[contains(@class,'ajax_block_product col-xs-12 col-sm-4 col-md-3')]//span[contains(text(),'Add to cart')]]]]>
    </line>
    <line>
      <![CDATA[Clicked on: [[ChromeDriver: chrome on WINDOWS (184696b23263f467a05ac1a6f3b4aaf4)] -> xpath: //li[contains(@class,'ajax_block_product col-xs-12 col-sm-4 col-md-3')]//span[contains(text(),'Add to cart')]]]]>
    </line>
    <line>
      <![CDATA[Trying to find Element By : By.xpath: //span[@class='continue btn btn-default button exclusive-medium']]]>
    </line>
    <line>
      <![CDATA[Found Element By : By.xpath: //span[@class='continue btn btn-default button exclusive-medium']]]>
    </line>
    <line>
      <![CDATA[Trying to find Element By : By.xpath: //span[@class='continue btn btn-default button exclusive-medium']]]>
    </line>
    <line>
      <![CDATA[Found Element By : By.xpath: //span[@class='continue btn btn-default button exclusive-medium']]]>
    </line>
    <line>
      <![CDATA[Trying to click on: [[ChromeDriver: chrome on WINDOWS (184696b23263f467a05ac1a6f3b4aaf4)] -> xpath: //span[@class='continue btn btn-default button exclusive-medium']]]]>
    </line>
    <line>
      <![CDATA[Clicked on: [[ChromeDriver: chrome on WINDOWS (184696b23263f467a05ac1a6f3b4aaf4)] -> xpath: //span[@class='continue btn btn-default button exclusive-medium']]]]>
    </line>
    <line>
      <![CDATA[Trying to find Element By : By.xpath: //ul[@id='homefeatured']//following-sibling::li]]>
    </line>
    <line>
      <![CDATA[Found Element By : By.xpath: //ul[@id='homefeatured']//following-sibling::li]]>
    </line>
    <line>
      <![CDATA[Trying to find Element By : By.xpath: //ul[@id='homefeatured']//following-sibling::li]]>
    </line>
    <line>
      <![CDATA[Found Element By : By.xpath: //ul[@id='homefeatured']//following-sibling::li]]>
    </line>
    <line>
      <![CDATA[Trying to find Element By : By.xpath: //ul[@id='homefeatured']//following-sibling::li]]>
    </line>
    <line>
      <![CDATA[Found Element By : By.xpath: //ul[@id='homefeatured']//following-sibling::li]]>
    </line>
    <line>
      <![CDATA[Trying to find Element By : By.xpath: //ul[@id='homefeatured']//following-sibling::li]]>
    </line>
    <line>
      <![CDATA[Found Element By : By.xpath: //ul[@id='homefeatured']//following-sibling::li]]>
    </line>
    <line>
      <![CDATA[Trying to find Element By : By.xpath: //ul[@id='homefeatured']//following-sibling::li]]>
    </line>
    <line>
      <![CDATA[Found Element By : By.xpath: //ul[@id='homefeatured']//following-sibling::li]]>
    </line>
    <line>
      <![CDATA[Trying to find Element By : By.xpath: //ul[@id='homefeatured']//following-sibling::li]]>
    </line>
    <line>
      <![CDATA[Found Element By : By.xpath: //ul[@id='homefeatured']//following-sibling::li]]>
    </line>
    <line>
      <![CDATA[Trying to find Element By : By.xpath: //li[contains(@class,'ajax_block_product col-xs-12 col-sm-4 col-md-3')]//span[contains(text(),'Add to cart')]]]>
    </line>
    <line>
      <![CDATA[Found Element By : By.xpath: //li[contains(@class,'ajax_block_product col-xs-12 col-sm-4 col-md-3')]//span[contains(text(),'Add to cart')]]]>
    </line>
    <line>
      <![CDATA[Trying to click on: [[ChromeDriver: chrome on WINDOWS (184696b23263f467a05ac1a6f3b4aaf4)] -> xpath: //li[contains(@class,'ajax_block_product col-xs-12 col-sm-4 col-md-3')]//span[contains(text(),'Add to cart')]]]]>
    </line>
    <line>
      <![CDATA[Clicked on: [[ChromeDriver: chrome on WINDOWS (184696b23263f467a05ac1a6f3b4aaf4)] -> xpath: //li[contains(@class,'ajax_block_product col-xs-12 col-sm-4 col-md-3')]//span[contains(text(),'Add to cart')]]]]>
    </line>
    <line>
      <![CDATA[Trying to find Element By : By.xpath: //span[contains(text(),'Proceed to checkout')]]]>
    </line>
    <line>
      <![CDATA[Found Element By : By.xpath: //span[contains(text(),'Proceed to checkout')]]]>
    </line>
    <line>
      <![CDATA[Trying to click on: [[ChromeDriver: chrome on WINDOWS (184696b23263f467a05ac1a6f3b4aaf4)] -> xpath: //span[contains(text(),'Proceed to checkout')]]]]>
    </line>
    <line>
      <![CDATA[Clicked on: [[ChromeDriver: chrome on WINDOWS (184696b23263f467a05ac1a6f3b4aaf4)] -> xpath: //span[contains(text(),'Proceed to checkout')]]]]>
    </line>
    <line>
      <![CDATA[Trying to find Element By : By.xpath: //span[contains(@id,'total_product_price')]]]>
    </line>
    <line>
      <![CDATA[Found Element By : By.xpath: //span[contains(@id,'total_product_price')]]]>
    </line>
    <line>
      <![CDATA[Trying to find Element By : By.xpath: //span[contains(@id,'total_product_price')]]]>
    </line>
    <line>
      <![CDATA[Found Element By : By.xpath: //span[contains(@id,'total_product_price')]]]>
    </line>
    <line>
      <![CDATA[Trying to find Element By : By.xpath: //span[contains(@id,'total_product_price')]]]>
    </line>
    <line>
      <![CDATA[Found Element By : By.xpath: //span[contains(@id,'total_product_price')]]]>
    </line>
    <line>
      <![CDATA[Trying to find Element By : By.xpath: //span[contains(@id,'total_product_price')]]]>
    </line>
    <line>
      <![CDATA[Found Element By : By.xpath: //span[contains(@id,'total_product_price')]]]>
    </line>
    <line>
      <![CDATA[Trying to find Element By : By.xpath: //span[contains(@id,'total_product_price')]]]>
    </line>
    <line>
      <![CDATA[Found Element By : By.xpath: //span[contains(@id,'total_product_price')]]]>
    </line>
    <line>
      <![CDATA[Trying to find Element By : By.xpath: //td[@id='total_shipping']]]>
    </line>
    <line>
      <![CDATA[Found Element By : By.xpath: //td[@id='total_shipping']]]>
    </line>
    <line>
      <![CDATA[Trying to find Element By : By.xpath: //span[@id='total_price']]]>
    </line>
    <line>
      <![CDATA[Found Element By : By.xpath: //span[@id='total_price']]]>
    </line>
    <line>
      <![CDATA[CheckOut Price  Validation     45.51 is equal to 45.51]]>
    </line>
    <line>
      <![CDATA[Trying to find Element By : By.xpath: //a[@class='button btn btn-default standard-checkout button-medium']//span[contains(text(),'Proceed to checkout')]]]>
    </line>
    <line>
      <![CDATA[Found Element By : By.xpath: //a[@class='button btn btn-default standard-checkout button-medium']//span[contains(text(),'Proceed to checkout')]]]>
    </line>
    <line>
      <![CDATA[Trying to click on: [[ChromeDriver: chrome on WINDOWS (184696b23263f467a05ac1a6f3b4aaf4)] -> xpath: //a[@class='button btn btn-default standard-checkout button-medium']//span[contains(text(),'Proceed to checkout')]]]]>
    </line>
    <line>
      <![CDATA[Clicked on: [[ChromeDriver: chrome on WINDOWS (184696b23263f467a05ac1a6f3b4aaf4)] -> xpath: //a[@class='button btn btn-default standard-checkout button-medium']//span[contains(text(),'Proceed to checkout')]]]]>
    </line>
    <line>
      <![CDATA[Trying to find Element By : By.xpath: //input[@id='email']]]>
    </line>
    <line>
      <![CDATA[Found Element By : By.xpath: //input[@id='email']]]>
    </line>
    <line>
      <![CDATA[Trying to find Element By : By.xpath: //input[@id='passwd']]]>
    </line>
    <line>
      <![CDATA[Found Element By : By.xpath: //input[@id='passwd']]]>
    </line>
    <line>
      <![CDATA[Trying to find Element By : By.xpath: //button[@id='SubmitLogin']]]>
    </line>
    <line>
      <![CDATA[Found Element By : By.xpath: //button[@id='SubmitLogin']]]>
    </line>
    <line>
      <![CDATA[Trying to click on: [[ChromeDriver: chrome on WINDOWS (184696b23263f467a05ac1a6f3b4aaf4)] -> xpath: //button[@id='SubmitLogin']]]]>
    </line>
    <line>
      <![CDATA[Clicked on: [[ChromeDriver: chrome on WINDOWS (184696b23263f467a05ac1a6f3b4aaf4)] -> xpath: //button[@id='SubmitLogin']]]]>
    </line>
    <line>
      <![CDATA[Trying to find Element By : By.xpath: //span[contains(text(),'sunil jaiswal')]]]>
    </line>
    <line>
      <![CDATA[Found Element By : By.xpath: //span[contains(text(),'sunil jaiswal')]]]>
    </line>
    <line>
      <![CDATA[Trying to find Element By : By.xpath: //button[@name='processAddress']//span[contains(text(),'Proceed to checkout')]]]>
    </line>
    <line>
      <![CDATA[Found Element By : By.xpath: //button[@name='processAddress']//span[contains(text(),'Proceed to checkout')]]]>
    </line>
    <line>
      <![CDATA[Trying to click on: [[ChromeDriver: chrome on WINDOWS (184696b23263f467a05ac1a6f3b4aaf4)] -> xpath: //button[@name='processAddress']//span[contains(text(),'Proceed to checkout')]]]]>
    </line>
    <line>
      <![CDATA[Clicked on: [[ChromeDriver: chrome on WINDOWS (184696b23263f467a05ac1a6f3b4aaf4)] -> xpath: //button[@name='processAddress']//span[contains(text(),'Proceed to checkout')]]]]>
    </line>
    <line>
      <![CDATA[Trying to find Element By : By.xpath: //input[@id='cgv']]]>
    </line>
    <line>
      <![CDATA[Found Element By : By.xpath: //input[@id='cgv']]]>
    </line>
    <line>
      <![CDATA[Trying to click on: [[ChromeDriver: chrome on WINDOWS (184696b23263f467a05ac1a6f3b4aaf4)] -> xpath: //input[@id='cgv']]]]>
    </line>
    <line>
      <![CDATA[Clicked on: [[ChromeDriver: chrome on WINDOWS (184696b23263f467a05ac1a6f3b4aaf4)] -> xpath: //input[@id='cgv']]]]>
    </line>
    <line>
      <![CDATA[Trying to find Element By : By.xpath: //button[@name='processCarrier']//span[contains(text(),'Proceed to checkout')]]]>
    </line>
    <line>
      <![CDATA[Found Element By : By.xpath: //button[@name='processCarrier']//span[contains(text(),'Proceed to checkout')]]]>
    </line>
    <line>
      <![CDATA[Trying to click on: [[ChromeDriver: chrome on WINDOWS (184696b23263f467a05ac1a6f3b4aaf4)] -> xpath: //button[@name='processCarrier']//span[contains(text(),'Proceed to checkout')]]]]>
    </line>
    <line>
      <![CDATA[Clicked on: [[ChromeDriver: chrome on WINDOWS (184696b23263f467a05ac1a6f3b4aaf4)] -> xpath: //button[@name='processCarrier']//span[contains(text(),'Proceed to checkout')]]]]>
    </line>
    <line>
      <![CDATA[Trying to find Element By : By.xpath: //span[@id='total_price']]]>
    </line>
    <line>
      <![CDATA[Found Element By : By.xpath: //span[@id='total_price']]]>
    </line>
    <line>
      <![CDATA[Trying to find Element By : By.xpath: //a[@class='bankwire']]]>
    </line>
    <line>
      <![CDATA[Found Element By : By.xpath: //a[@class='bankwire']]]>
    </line>
    <line>
      <![CDATA[Trying to click on: [[ChromeDriver: chrome on WINDOWS (184696b23263f467a05ac1a6f3b4aaf4)] -> xpath: //a[@class='bankwire']]]]>
    </line>
    <line>
      <![CDATA[Clicked on: [[ChromeDriver: chrome on WINDOWS (184696b23263f467a05ac1a6f3b4aaf4)] -> xpath: //a[@class='bankwire']]]]>
    </line>
    <line>
      <![CDATA[Trying to find Element By : By.xpath: //span[contains(text(),'I confirm my order')]]]>
    </line>
    <line>
      <![CDATA[Found Element By : By.xpath: //span[contains(text(),'I confirm my order')]]]>
    </line>
    <line>
      <![CDATA[Trying to click on: [[ChromeDriver: chrome on WINDOWS (184696b23263f467a05ac1a6f3b4aaf4)] -> xpath: //span[contains(text(),'I confirm my order')]]]]>
    </line>
    <line>
      <![CDATA[Clicked on: [[ChromeDriver: chrome on WINDOWS (184696b23263f467a05ac1a6f3b4aaf4)] -> xpath: //span[contains(text(),'I confirm my order')]]]]>
    </line>
    <line>
      <![CDATA[Trying to find Element By : By.xpath: //span[@class='price']]]>
    </line>
    <line>
      <![CDATA[Found Element By : By.xpath: //span[@class='price']]]>
    </line>
    <line>
      <![CDATA[Final Price Validation Validation     45.51 is equal to 45.51]]>
    </line>
    <line>
      <![CDATA[Trying to find Element By : By.xpath: //a[@class='logout']]]>
    </line>
    <line>
      <![CDATA[Found Element By : By.xpath: //a[@class='logout']]]>
    </line>
    <line>
      <![CDATA[Trying to click on: [[ChromeDriver: chrome on WINDOWS (184696b23263f467a05ac1a6f3b4aaf4)] -> xpath: //a[@class='logout']]]]>
    </line>
    <line>
      <![CDATA[Clicked on: [[ChromeDriver: chrome on WINDOWS (184696b23263f467a05ac1a6f3b4aaf4)] -> xpath: //a[@class='logout']]]]>
    </line>
    <line>
      <![CDATA[Trying to find Element By : By.xpath: //div[@class='header_user_info']]]>
    </line>
    <line>
      <![CDATA[Found Element By : By.xpath: //div[@class='header_user_info']]]>
    </line>
    <line>
      <![CDATA[Logout successfull]]>
    </line>
  </reporter-output>
  <suite name="Suite" duration-ms="300119" started-at="2020-05-01T09:36:19Z" finished-at="2020-05-01T09:41:19Z">
    <groups>
    </groups>
    <test name="Test1" duration-ms="82195" started-at="2020-05-01T09:36:19Z" finished-at="2020-05-01T09:37:41Z">
      <class name="com.AP.qa.test.TC001_Single_Product_Checkout1">
        <test-method status="PASS" signature="init(java.lang.String)[pri:0, instance:com.AP.qa.test.TC001_Single_Product_Checkout1@1990a65e]" name="init" is-config="true" duration-ms="39602" started-at="2020-05-01T15:06:19Z" finished-at="2020-05-01T15:06:58Z">
          <params>
            <param index="0">
              <value>
                <![CDATA[chrome]]>
              </value>
            </param>
          </params>
          <reporter-output>
            <line>
              <![CDATA[Before navigating to: 'http://automationpractice.com/index.php']]>
            </line>
            <line>
              <![CDATA[Navigated to:'http://automationpractice.com/index.php']]>
            </line>
          </reporter-output>
        </test-method> <!-- init -->
        <test-method status="PASS" signature="LoginTest()[pri:1, instance:com.AP.qa.test.TC001_Single_Product_Checkout1@1990a65e]" name="LoginTest" duration-ms="13761" started-at="2020-05-01T15:06:58Z" finished-at="2020-05-01T15:07:12Z">
          <reporter-output>
            <line>
              <![CDATA[Trying to find Element By : By.xpath: //a[@class='login']]]>
            </line>
            <line>
              <![CDATA[Found Element By : By.xpath: //a[@class='login']]]>
            </line>
            <line>
              <![CDATA[Trying to click on: [[ChromeDriver: chrome on WINDOWS (d04893768751f2c5fcbe61351a002790)] -> xpath: //a[@class='login']]]]>
            </line>
            <line>
              <![CDATA[Clicked on: [[ChromeDriver: chrome on WINDOWS (d04893768751f2c5fcbe61351a002790)] -> xpath: //a[@class='login']]]]>
            </line>
            <line>
              <![CDATA[Trying to find Element By : By.xpath: //input[@id='email']]]>
            </line>
            <line>
              <![CDATA[Found Element By : By.xpath: //input[@id='email']]]>
            </line>
            <line>
              <![CDATA[Trying to find Element By : By.xpath: //input[@id='passwd']]]>
            </line>
            <line>
              <![CDATA[Found Element By : By.xpath: //input[@id='passwd']]]>
            </line>
            <line>
              <![CDATA[Trying to find Element By : By.xpath: //button[@id='SubmitLogin']]]>
            </line>
            <line>
              <![CDATA[Found Element By : By.xpath: //button[@id='SubmitLogin']]]>
            </line>
            <line>
              <![CDATA[Trying to click on: [[ChromeDriver: chrome on WINDOWS (d04893768751f2c5fcbe61351a002790)] -> xpath: //button[@id='SubmitLogin']]]]>
            </line>
            <line>
              <![CDATA[Clicked on: [[ChromeDriver: chrome on WINDOWS (d04893768751f2c5fcbe61351a002790)] -> xpath: //button[@id='SubmitLogin']]]]>
            </line>
            <line>
              <![CDATA[Trying to find Element By : By.xpath: //img[@class='logo img-responsive']]]>
            </line>
            <line>
              <![CDATA[Found Element By : By.xpath: //img[@class='logo img-responsive']]]>
            </line>
            <line>
              <![CDATA[Trying to click on: [[ChromeDriver: chrome on WINDOWS (d04893768751f2c5fcbe61351a002790)] -> xpath: //img[@class='logo img-responsive']]]]>
            </line>
            <line>
              <![CDATA[Clicked on: [[ChromeDriver: chrome on WINDOWS (d04893768751f2c5fcbe61351a002790)] -> xpath: //img[@class='logo img-responsive']]]]>
            </line>
            <line>
              <![CDATA[Trying to find Element By : By.xpath: //span[contains(text(),'sunil jaiswal')]]]>
            </line>
            <line>
              <![CDATA[Found Element By : By.xpath: //span[contains(text(),'sunil jaiswal')]]]>
            </line>
          </reporter-output>
        </test-method> <!-- LoginTest -->
        <test-method status="PASS" signature="BookingTest(java.lang.String)[pri:2, instance:com.AP.qa.test.TC001_Single_Product_Checkout1@1990a65e]" name="BookingTest" duration-ms="8606" started-at="2020-05-01T15:07:12Z" finished-at="2020-05-01T15:07:21Z">
          <params>
            <param index="0">
              <value>
                <![CDATA[Single]]>
              </value>
            </param>
          </params>
          <reporter-output>
            <line>
              <![CDATA[Trying to find Element By : By.xpath: //ul[@id='homefeatured']//li[@class='ajax_block_product col-xs-12 col-sm-4 col-md-3 first-in-line first-item-of-tablet-line first-item-of-mobile-line']//div[@class='product-image-container']]]>
            </line>
            <line>
              <![CDATA[Found Element By : By.xpath: //ul[@id='homefeatured']//li[@class='ajax_block_product col-xs-12 col-sm-4 col-md-3 first-in-line first-item-of-tablet-line first-item-of-mobile-line']//div[@class='product-image-container']]]>
            </line>
            <line>
              <![CDATA[Trying to find Element By : By.xpath: //li[@class='ajax_block_product col-xs-12 col-sm-4 col-md-3 first-in-line first-item-of-tablet-line first-item-of-mobile-line hovered']//a[@class='product-name'][contains(text(),'Faded Short Sleeve T-shirts')]]]>
            </line>
            <line>
              <![CDATA[Found Element By : By.xpath: //li[@class='ajax_block_product col-xs-12 col-sm-4 col-md-3 first-in-line first-item-of-tablet-line first-item-of-mobile-line hovered']//a[@class='product-name'][contains(text(),'Faded Short Sleeve T-shirts')]]]>
            </line>
            <line>
              <![CDATA[Trying to click on: [[ChromeDriver: chrome on WINDOWS (d04893768751f2c5fcbe61351a002790)] -> xpath: //li[@class='ajax_block_product col-xs-12 col-sm-4 col-md-3 first-in-line first-item-of-tablet-line first-item-of-mobile-line hovered']//a[@class='product-name'][contains(text(),'Faded Short Sleeve T-shirts')]]]]>
            </line>
            <line>
              <![CDATA[Clicked on: [[ChromeDriver: chrome on WINDOWS (d04893768751f2c5fcbe61351a002790)] -> xpath: //li[@class='ajax_block_product col-xs-12 col-sm-4 col-md-3 first-in-line first-item-of-tablet-line first-item-of-mobile-line hovered']//a[@class='product-name'][contains(text(),'Faded Short Sleeve T-shirts')]]]]>
            </line>
            <line>
              <![CDATA[Trying to find Element By : By.xpath: //input[@id='quantity_wanted']]]>
            </line>
            <line>
              <![CDATA[Found Element By : By.xpath: //input[@id='quantity_wanted']]]>
            </line>
            <line>
              <![CDATA[Trying to find Element By : By.xpath: //input[@id='quantity_wanted']]]>
            </line>
            <line>
              <![CDATA[Found Element By : By.xpath: //input[@id='quantity_wanted']]]>
            </line>
            <line>
              <![CDATA[Trying to find Element By : By.xpath: //input[@id='quantity_wanted']]]>
            </line>
            <line>
              <![CDATA[Found Element By : By.xpath: //input[@id='quantity_wanted']]]>
            </line>
            <line>
              <![CDATA[Trying to find Element By : By.xpath: //div[@id='uniform-group_1']//following-sibling::option]]>
            </line>
            <line>
              <![CDATA[Found Element By : By.xpath: //div[@id='uniform-group_1']//following-sibling::option]]>
            </line>
            <line>
              <![CDATA[Trying to find Element By : By.xpath: //div[@id='uniform-group_1']//following-sibling::option]]>
            </line>
            <line>
              <![CDATA[Found Element By : By.xpath: //div[@id='uniform-group_1']//following-sibling::option]]>
            </line>
            <line>
              <![CDATA[Trying to find Element By : By.xpath: //div[@id='uniform-group_1']//following-sibling::option]]>
            </line>
            <line>
              <![CDATA[Found Element By : By.xpath: //div[@id='uniform-group_1']//following-sibling::option]]>
            </line>
            <line>
              <![CDATA[Trying to find Element By : By.xpath: //div[@id='uniform-group_1']//following-sibling::option]]>
            </line>
            <line>
              <![CDATA[Found Element By : By.xpath: //div[@id='uniform-group_1']//following-sibling::option]]>
            </line>
            <line>
              <![CDATA[Trying to find Element By : By.xpath: //div[@id='uniform-group_1']//following-sibling::option]]>
            </line>
            <line>
              <![CDATA[Found Element By : By.xpath: //div[@id='uniform-group_1']//following-sibling::option]]>
            </line>
            <line>
              <![CDATA[Trying to find Element By : By.xpath: //div[@id='uniform-group_1']//following-sibling::option]]>
            </line>
[...]
    </test> <!-- Test4 -->
    <test name="Test5" duration-ms="48169" started-at="2020-05-01T09:40:31Z" finished-at="2020-05-01T09:41:19Z">
      <class name="com.AP.qa.test.TC005_Multiple_Products_WithoutLogin_Checkout_5">
        <test-method status="PASS" signature="Setup(java.lang.String)[pri:0, instance:com.AP.qa.test.TC005_Multiple_Products_WithoutLogin_Checkout_5@b3d7190]" name="Setup" is-config="true" duration-ms="15572" started-at="2020-05-01T15:10:31Z" finished-at="2020-05-01T15:10:46Z">
          <params>
            <param index="0">
              <value>
                <![CDATA[chrome]]>
              </value>
            </param>
          </params>
          <reporter-output>
            <line>
              <![CDATA[Before navigating to: 'http://automationpractice.com/index.php']]>
            </line>
            <line>
              <![CDATA[Navigated to:'http://automationpractice.com/index.php']]>
            </line>
          </reporter-output>
        </test-method> <!-- Setup -->
        <test-method status="PASS" signature="BookingTest(java.lang.String)[pri:1, instance:com.AP.qa.test.TC005_Multiple_Products_WithoutLogin_Checkout_5@b3d7190]" name="BookingTest" duration-ms="8155" started-at="2020-05-01T15:10:46Z" finished-at="2020-05-01T15:10:54Z">
          <params>
            <param index="0">
              <value>
                <![CDATA[Multi]]>
              </value>
            </param>
          </params>
          <reporter-output>
            <line>
              <![CDATA[Trying to find Element By : By.xpath: //ul[@id='homefeatured']//li[@class='ajax_block_product col-xs-12 col-sm-4 col-md-3 first-in-line first-item-of-tablet-line first-item-of-mobile-line']//div[@class='product-image-container']]]>
            </line>
            <line>
              <![CDATA[Found Element By : By.xpath: //ul[@id='homefeatured']//li[@class='ajax_block_product col-xs-12 col-sm-4 col-md-3 first-in-line first-item-of-tablet-line first-item-of-mobile-line']//div[@class='product-image-container']]]>
            </line>
            <line>
              <![CDATA[Trying to find Element By : By.xpath: //ul[@id='homefeatured']//following-sibling::li]]>
            </line>
            <line>
              <![CDATA[Found Element By : By.xpath: //ul[@id='homefeatured']//following-sibling::li]]>
            </line>
            <line>
              <![CDATA[Trying to find Element By : By.xpath: //ul[@id='homefeatured']//following-sibling::li]]>
            </line>
            <line>
              <![CDATA[Found Element By : By.xpath: //ul[@id='homefeatured']//following-sibling::li]]>
            </line>
            <line>
              <![CDATA[Trying to find Element By : By.xpath: //ul[@id='homefeatured']//following-sibling::li]]>
            </line>
            <line>
              <![CDATA[Found Element By : By.xpath: //ul[@id='homefeatured']//following-sibling::li]]>
            </line>
            <line>
              <![CDATA[Trying to find Element By : By.xpath: //ul[@id='homefeatured']//following-sibling::li]]>
            </line>
            <line>
              <![CDATA[Found Element By : By.xpath: //ul[@id='homefeatured']//following-sibling::li]]>
            </line>
            <line>
              <![CDATA[Trying to find Element By : By.xpath: //li[contains(@class,'ajax_block_product col-xs-12 col-sm-4 col-md-3')]//span[contains(text(),'Add to cart')]]]>
            </line>
            <line>
              <![CDATA[Found Element By : By.xpath: //li[contains(@class,'ajax_block_product col-xs-12 col-sm-4 col-md-3')]//span[contains(text(),'Add to cart')]]]>
            </line>
            <line>
              <![CDATA[Trying to click on: [[ChromeDriver: chrome on WINDOWS (184696b23263f467a05ac1a6f3b4aaf4)] -> xpath: //li[contains(@class,'ajax_block_product col-xs-12 col-sm-4 col-md-3')]//span[contains(text(),'Add to cart')]]]]>
            </line>
            <line>
              <![CDATA[Clicked on: [[ChromeDriver: chrome on WINDOWS (184696b23263f467a05ac1a6f3b4aaf4)] -> xpath: //li[contains(@class,'ajax_block_product col-xs-12 col-sm-4 col-md-3')]//span[contains(text(),'Add to cart')]]]]>
            </line>
            <line>
              <![CDATA[Trying to find Element By : By.xpath: //span[@class='continue btn btn-default button exclusive-medium']]]>
            </line>
            <line>
              <![CDATA[Found Element By : By.xpath: //span[@class='continue btn btn-default button exclusive-medium']]]>
            </line>
            <line>
              <![CDATA[Trying to find Element By : By.xpath: //span[@class='continue btn btn-default button exclusive-medium']]]>
            </line>
            <line>
              <![CDATA[Found Element By : By.xpath: //span[@class='continue btn btn-default button exclusive-medium']]]>
            </line>
            <line>
              <![CDATA[Trying to click on: [[ChromeDriver: chrome on WINDOWS (184696b23263f467a05ac1a6f3b4aaf4)] -> xpath: //span[@class='continue btn btn-default button exclusive-medium']]]]>
            </line>
            <line>
              <![CDATA[Clicked on: [[ChromeDriver: chrome on WINDOWS (184696b23263f467a05ac1a6f3b4aaf4)] -> xpath: //span[@class='continue btn btn-default button exclusive-medium']]]]>
            </line>
            <line>
              <![CDATA[Trying to find Element By : By.xpath: //ul[@id='homefeatured']//following-sibling::li]]>
            </line>
            <line>
              <![CDATA[Found Element By : By.xpath: //ul[@id='homefeatured']//following-sibling::li]]>
            </line>
            <line>
              <![CDATA[Trying to find Element By : By.xpath: //ul[@id='homefeatured']//following-sibling::li]]>
            </line>
            <line>
              <![CDATA[Found Element By : By.xpath: //ul[@id='homefeatured']//following-sibling::li]]>
            </line>
            <line>
              <![CDATA[Trying to find Element By : By.xpath: //ul[@id='homefeatured']//following-sibling::li]]>
            </line>
            <line>
              <![CDATA[Found Element By : By.xpath: //ul[@id='homefeatured']//following-sibling::li]]>
            </line>
            <line>
              <![CDATA[Trying to find Element By : By.xpath: //ul[@id='homefeatured']//following-sibling::li]]>
            </line>
            <line>
              <![CDATA[Found Element By : By.xpath: //ul[@id='homefeatured']//following-sibling::li]]>
            </line>
            <line>
              <![CDATA[Trying to find Element By : By.xpath: //ul[@id='homefeatured']//following-sibling::li]]>
            </line>
            <line>
              <![CDATA[Found Element By : By.xpath: //ul[@id='homefeatured']//following-sibling::li]]>
            </line>
            <line>
              <![CDATA[Trying to find Element By : By.xpath: //ul[@id='homefeatured']//following-sibling::li]]>
            </line>
            <line>
              <![CDATA[Found Element By : By.xpath: //ul[@id='homefeatured']//following-sibling::li]]>
            </line>
            <line>
              <![CDATA[Trying to find Element By : By.xpath: //li[contains(@class,'ajax_block_product col-xs-12 col-sm-4 col-md-3')]//span[contains(text(),'Add to cart')]]]>
            </line>
            <line>
              <![CDATA[Found Element By : By.xpath: //li[contains(@class,'ajax_block_product col-xs-12 col-sm-4 col-md-3')]//span[contains(text(),'Add to cart')]]]>
            </line>
            <line>
              <![CDATA[Trying to click on: [[ChromeDriver: chrome on WINDOWS (184696b23263f467a05ac1a6f3b4aaf4)] -> xpath: //li[contains(@class,'ajax_block_product col-xs-12 col-sm-4 col-md-3')]//span[contains(text(),'Add to cart')]]]]>
            </line>
            <line>
              <![CDATA[Clicked on: [[ChromeDriver: chrome on WINDOWS (184696b23263f467a05ac1a6f3b4aaf4)] -> xpath: //li[contains(@class,'ajax_block_product col-xs-12 col-sm-4 col-md-3')]//span[contains(text(),'Add to cart')]]]]>
            </line>
            <line>
              <![CDATA[Trying to find Element By : By.xpath: //span[contains(text(),'Proceed to checkout')]]]>
            </line>
            <line>
              <![CDATA[Found Element By : By.xpath: //span[contains(text(),'Proceed to checkout')]]]>
            </line>
            <line>
              <![CDATA[Trying to click on: [[ChromeDriver: chrome on WINDOWS (184696b23263f467a05ac1a6f3b4aaf4)] -> xpath: //span[contains(text(),'Proceed to checkout')]]]]>
            </line>
            <line>
              <![CDATA[Clicked on: [[ChromeDriver: chrome on WINDOWS (184696b23263f467a05ac1a6f3b4aaf4)] -> xpath: //span[contains(text(),'Proceed to checkout')]]]]>
            </line>
          </reporter-output>
        </test-method> <!-- BookingTest -->
        <test-method status="PASS" signature="PaymentTest()[pri:2, instance:com.AP.qa.test.TC005_Multiple_Products_WithoutLogin_Checkout_5@b3d7190]" name="PaymentTest" duration-ms="18933" started-at="2020-05-01T15:10:54Z" finished-at="2020-05-01T15:11:13Z">
          <reporter-output>
            <line>
              <![CDATA[Trying to find Element By : By.xpath: //span[contains(@id,'total_product_price')]]]>
            </line>
            <line>
              <![CDATA[Found Element By : By.xpath: //span[contains(@id,'total_product_price')]]]>
            </line>
            <line>
              <![CDATA[Trying to find Element By : By.xpath: //span[contains(@id,'total_product_price')]]]>
            </line>
            <line>
              <![CDATA[Found Element By : By.xpath: //span[contains(@id,'total_product_price')]]]>
            </line>
            <line>
              <![CDATA[Trying to find Element By : By.xpath: //span[contains(@id,'total_product_price')]]]>
            </line>
            <line>
              <![CDATA[Found Element By : By.xpath: //span[contains(@id,'total_product_price')]]]>
            </line>
            <line>
              <![CDATA[Trying to find Element By : By.xpath: //span[contains(@id,'total_product_price')]]]>
            </line>
            <line>
              <![CDATA[Found Element By : By.xpath: //span[contains(@id,'total_product_price')]]]>
            </line>
            <line>
              <![CDATA[Trying to find Element By : By.xpath: //span[contains(@id,'total_product_price')]]]>
            </line>
            <line>
              <![CDATA[Found Element By : By.xpath: //span[contains(@id,'total_product_price')]]]>
            </line>
            <line>
              <![CDATA[Trying to find Element By : By.xpath: //td[@id='total_shipping']]]>
            </line>
            <line>
              <![CDATA[Found Element By : By.xpath: //td[@id='total_shipping']]]>
            </line>
            <line>
              <![CDATA[Trying to find Element By : By.xpath: //span[@id='total_price']]]>
            </line>
            <line>
              <![CDATA[Found Element By : By.xpath: //span[@id='total_price']]]>
            </line>
            <line>
              <![CDATA[CheckOut Price  Validation     45.51 is equal to 45.51]]>
            </line>
            <line>
              <![CDATA[Trying to find Element By : By.xpath: //a[@class='button btn btn-default standard-checkout button-medium']//span[contains(text(),'Proceed to checkout')]]]>
            </line>
            <line>
              <![CDATA[Found Element By : By.xpath: //a[@class='button btn btn-default standard-checkout button-medium']//span[contains(text(),'Proceed to checkout')]]]>
            </line>
            <line>
              <![CDATA[Trying to click on: [[ChromeDriver: chrome on WINDOWS (184696b23263f467a05ac1a6f3b4aaf4)] -> xpath: //a[@class='button btn btn-default standard-checkout button-medium']//span[contains(text(),'Proceed to checkout')]]]]>
            </line>
            <line>
              <![CDATA[Clicked on: [[ChromeDriver: chrome on WINDOWS (184696b23263f467a05ac1a6f3b4aaf4)] -> xpath: //a[@class='button btn btn-default standard-checkout button-medium']//span[contains(text(),'Proceed to checkout')]]]]>
            </line>
            <line>
              <![CDATA[Trying to find Element By : By.xpath: //input[@id='email']]]>
            </line>
            <line>
              <![CDATA[Found Element By : By.xpath: //input[@id='email']]]>
            </line>
            <line>
              <![CDATA[Trying to find Element By : By.xpath: //input[@id='passwd']]]>
            </line>
            <line>
              <![CDATA[Found Element By : By.xpath: //input[@id='passwd']]]>
            </line>
            <line>
              <![CDATA[Trying to find Element By : By.xpath: //button[@id='SubmitLogin']]]>
            </line>
            <line>
              <![CDATA[Found Element By : By.xpath: //button[@id='SubmitLogin']]]>
            </line>
            <line>
              <![CDATA[Trying to click on: [[ChromeDriver: chrome on WINDOWS (184696b23263f467a05ac1a6f3b4aaf4)] -> xpath: //button[@id='SubmitLogin']]]]>
            </line>
            <line>
              <![CDATA[Clicked on: [[ChromeDriver: chrome on WINDOWS (184696b23263f467a05ac1a6f3b4aaf4)] -> xpath: //button[@id='SubmitLogin']]]]>
            </line>
            <line>
              <![CDATA[Trying to find Element By : By.xpath: //span[contains(text(),'sunil jaiswal')]]]>
            </line>
            <line>
              <![CDATA[Found Element By : By.xpath: //span[contains(text(),'sunil jaiswal')]]]>
            </line>
            <line>
              <![CDATA[Trying to find Element By : By.xpath: //button[@name='processAddress']//span[contains(text(),'Proceed to checkout')]]]>
            </line>
            <line>
              <![CDATA[Found Element By : By.xpath: //button[@name='processAddress']//span[contains(text(),'Proceed to checkout')]]]>
            </line>
            <line>
              <![CDATA[Trying to click on: [[ChromeDriver: chrome on WINDOWS (184696b23263f467a05ac1a6f3b4aaf4)] -> xpath: //button[@name='processAddress']//span[contains(text(),'Proceed to checkout')]]]]>
            </line>
            <line>
              <![CDATA[Clicked on: [[ChromeDriver: chrome on WINDOWS (184696b23263f467a05ac1a6f3b4aaf4)] -> xpath: //button[@name='processAddress']//span[contains(text(),'Proceed to checkout')]]]]>
            </line>
            <line>
              <![CDATA[Trying to find Element By : By.xpath: //input[@id='cgv']]]>
            </line>
            <line>
              <![CDATA[Found Element By : By.xpath: //input[@id='cgv']]]>
            </line>
            <line>
              <![CDATA[Trying to click on: [[ChromeDriver: chrome on WINDOWS (184696b23263f467a05ac1a6f3b4aaf4)] -> xpath: //input[@id='cgv']]]]>
            </line>
            <line>
              <![CDATA[Clicked on: [[ChromeDriver: chrome on WINDOWS (184696b23263f467a05ac1a6f3b4aaf4)] -> xpath: //input[@id='cgv']]]]>
            </line>
            <line>
              <![CDATA[Trying to find Element By : By.xpath: //button[@name='processCarrier']//span[contains(text(),'Proceed to checkout')]]]>
            </line>
            <line>
              <![CDATA[Found Element By : By.xpath: //button[@name='processCarrier']//span[contains(text(),'Proceed to checkout')]]]>
            </line>
            <line>
              <![CDATA[Trying to click on: [[ChromeDriver: chrome on WINDOWS (184696b23263f467a05ac1a6f3b4aaf4)] -> xpath: //button[@name='processCarrier']//span[contains(text(),'Proceed to checkout')]]]]>
            </line>
            <line>
              <![CDATA[Clicked on: [[ChromeDriver: chrome on WINDOWS (184696b23263f467a05ac1a6f3b4aaf4)] -> xpath: //button[@name='processCarrier']//span[contains(text(),'Proceed to checkout')]]]]>
            </line>
            <line>
              <![CDATA[Trying to find Element By : By.xpath: //span[@id='total_price']]]>
            </line>
            <line>
              <![CDATA[Found Element By : By.xpath: //span[@id='total_price']]]>
            </line>
            <line>
              <![CDATA[Trying to find Element By : By.xpath: //a[@class='bankwire']]]>
            </line>
            <line>
              <![CDATA[Found Element By : By.xpath: //a[@class='bankwire']]]>
            </line>
            <line>
              <![CDATA[Trying to click on: [[ChromeDriver: chrome on WINDOWS (184696b23263f467a05ac1a6f3b4aaf4)] -> xpath: //a[@class='bankwire']]]]>
            </line>
            <line>
              <![CDATA[Clicked on: [[ChromeDriver: chrome on WINDOWS (184696b23263f467a05ac1a6f3b4aaf4)] -> xpath: //a[@class='bankwire']]]]>
            </line>
            <line>
              <![CDATA[Trying to find Element By : By.xpath: //span[contains(text(),'I confirm my order')]]]>
            </line>
            <line>
              <![CDATA[Found Element By : By.xpath: //span[contains(text(),'I confirm my order')]]]>
            </line>
            <line>
              <![CDATA[Trying to click on: [[ChromeDriver: chrome on WINDOWS (184696b23263f467a05ac1a6f3b4aaf4)] -> xpath: //span[contains(text(),'I confirm my order')]]]]>
            </line>
            <line>
              <![CDATA[Clicked on: [[ChromeDriver: chrome on WINDOWS (184696b23263f467a05ac1a6f3b4aaf4)] -> xpath: //span[contains(text(),'I confirm my order')]]]]>
            </line>
            <line>
              <![CDATA[Trying to find Element By : By.xpath: //span[@class='price']]]>
            </line>
            <line>
              <![CDATA[Found Element By : By.xpath: //span[@class='price']]]>
            </line>
            <line>
              <![CDATA[Final Price Validation Validation     45.51 is equal to 45.51]]>
            </line>
          </reporter-output>
        </test-method> <!-- PaymentTest -->
        <test-method status="PASS" signature="LogoutTest()[pri:4, instance:com.AP.qa.test.TC005_Multiple_Products_WithoutLogin_Checkout_5@b3d7190]" name="LogoutTest" duration-ms="4209" started-at="2020-05-01T15:11:13Z" finished-at="2020-05-01T15:11:18Z">
          <reporter-output>
            <line>
              <![CDATA[Trying to find Element By : By.xpath: //a[@class='logout']]]>
            </line>
            <line>
              <![CDATA[Found Element By : By.xpath: //a[@class='logout']]]>
            </line>
            <line>
              <![CDATA[Trying to click on: [[ChromeDriver: chrome on WINDOWS (184696b23263f467a05ac1a6f3b4aaf4)] -> xpath: //a[@class='logout']]]]>
            </line>
            <line>
              <![CDATA[Clicked on: [[ChromeDriver: chrome on WINDOWS (184696b23263f467a05ac1a6f3b4aaf4)] -> xpath: //a[@class='logout']]]]>
            </line>
            <line>
              <![CDATA[Trying to find Element By : By.xpath: //div[@class='header_user_info']]]>
            </line>
            <line>
              <![CDATA[Found Element By : By.xpath: //div[@class='header_user_info']]]>
            </line>
            <line>
              <![CDATA[Logout successfull]]>
            </line>
          </reporter-output>
        </test-method> <!-- LogoutTest -->
        <test-method status="PASS" signature="Flush()[pri:0, instance:com.AP.qa.test.TC005_Multiple_Products_WithoutLogin_Checkout_5@b3d7190]" name="Flush" is-config="true" duration-ms="1297" started-at="2020-05-01T15:11:18Z" finished-at="2020-05-01T15:11:19Z">
          <reporter-output>
          </reporter-output>
        </test-method> <!-- Flush -->
      </class> <!-- com.AP.qa.test.TC005_Multiple_Products_WithoutLogin_Checkout_5 -->
    </test> <!-- Test5 -->
  </suite> <!-- Suite -->
</testng-results>
