<?xml version="1.0" encoding="UTF-8"?>
<testng-results skipped="0" failed="0" total="3" passed="3">
  <reporter-output>
    <line>
      <![CDATA[Before navigating to: 'http://automationpractice.com/index.php']]>
    </line>
    <line>
      <![CDATA[Navigated to:'http://automationpractice.com/index.php']]>
    </line>
    <line>
      <![CDATA[Trying to find Element By : By.xpath: //a[@class='login']]]>
    </line>
    <line>
      <![CDATA[Found Element By : By.xpath: //a[@class='login']]]>
    </line>
    <line>
      <![CDATA[Trying to click on: [[ChromeDriver: chrome on WINDOWS (0e5502e06bcb2a890f3cb93cb878060e)] -> xpath: //a[@class='login']]]]>
    </line>
    <line>
      <![CDATA[Clicked on: [[ChromeDriver: chrome on WINDOWS (0e5502e06bcb2a890f3cb93cb878060e)] -> xpath: //a[@class='login']]]]>
    </line>
    <line>
      <![CDATA[Trying to find Element By : By.xpath: //input[@id='email']]]>
    </line>
    <line>
      <![CDATA[Found Element By : By.xpath: //input[@id='email']]]>
    </line>
    <line>
      <![CDATA[Trying to find Element By : By.xpath: //input[@id='passwd']]]>
    </line>
    <line>
      <![CDATA[Found Element By : By.xpath: //input[@id='passwd']]]>
    </line>
    <line>
      <![CDATA[Trying to find Element By : By.xpath: //button[@id='SubmitLogin']]]>
    </line>
    <line>
      <![CDATA[Found Element By : By.xpath: //button[@id='SubmitLogin']]]>
    </line>
    <line>
      <![CDATA[Trying to click on: [[ChromeDriver: chrome on WINDOWS (0e5502e06bcb2a890f3cb93cb878060e)] -> xpath: //button[@id='SubmitLogin']]]]>
    </line>
    <line>
      <![CDATA[Clicked on: [[ChromeDriver: chrome on WINDOWS (0e5502e06bcb2a890f3cb93cb878060e)] -> xpath: //button[@id='SubmitLogin']]]]>
    </line>
    <line>
      <![CDATA[Trying to find Element By : By.xpath: //span[contains(text(),'sunil jaiswal')]]]>
    </line>
    <line>
      <![CDATA[Found Element By : By.xpath: //span[contains(text(),'sunil jaiswal')]]]>
    </line>
    <line>
      <![CDATA[Trying to find Element By : By.xpath: //img[@class='logo img-responsive']]]>
    </line>
    <line>
      <![CDATA[Found Element By : By.xpath: //img[@class='logo img-responsive']]]>
    </line>
    <line>
      <![CDATA[Trying to click on: [[ChromeDriver: chrome on WINDOWS (0e5502e06bcb2a890f3cb93cb878060e)] -> xpath: //img[@class='logo img-responsive']]]]>
    </line>
    <line>
      <![CDATA[Clicked on: [[ChromeDriver: chrome on WINDOWS (0e5502e06bcb2a890f3cb93cb878060e)] -> xpath: //img[@class='logo img-responsive']]]]>
    </line>
    <line>
      <![CDATA[Trying to find Element By : By.xpath: //ul[@id='homefeatured']//li[@class='ajax_block_product col-xs-12 col-sm-4 col-md-3 first-in-line first-item-of-tablet-line first-item-of-mobile-line']//div[@class='product-image-container']]]>
    </line>
    <line>
      <![CDATA[Found Element By : By.xpath: //ul[@id='homefeatured']//li[@class='ajax_block_product col-xs-12 col-sm-4 col-md-3 first-in-line first-item-of-tablet-line first-item-of-mobile-line']//div[@class='product-image-container']]]>
    </line>
    <line>
      <![CDATA[Trying to find Element By : By.xpath: //li[@class='ajax_block_product col-xs-12 col-sm-4 col-md-3 first-in-line first-item-of-tablet-line first-item-of-mobile-line hovered']//a[@class='product-name'][contains(text(),'Faded Short Sleeve T-shirts')]]]>
    </line>
    <line>
      <![CDATA[Found Element By : By.xpath: //li[@class='ajax_block_product col-xs-12 col-sm-4 col-md-3 first-in-line first-item-of-tablet-line first-item-of-mobile-line hovered']//a[@class='product-name'][contains(text(),'Faded Short Sleeve T-shirts')]]]>
    </line>
    <line>
      <![CDATA[Trying to click on: [[ChromeDriver: chrome on WINDOWS (0e5502e06bcb2a890f3cb93cb878060e)] -> xpath: //li[@class='ajax_block_product col-xs-12 col-sm-4 col-md-3 first-in-line first-item-of-tablet-line first-item-of-mobile-line hovered']//a[@class='product-name'][contains(text(),'Faded Short Sleeve T-shirts')]]]]>
    </line>
    <line>
      <![CDATA[Clicked on: [[ChromeDriver: chrome on WINDOWS (0e5502e06bcb2a890f3cb93cb878060e)] -> xpath: //li[@class='ajax_block_product col-xs-12 col-sm-4 col-md-3 first-in-line first-item-of-tablet-line first-item-of-mobile-line hovered']//a[@class='product-name'][contains(text(),'Faded Short Sleeve T-shirts')]]]]>
    </line>
    <line>
      <![CDATA[Trying to find Element By : By.xpath: //input[@id='quantity_wanted']]]>
    </line>
    <line>
      <![CDATA[Found Element By : By.xpath: //input[@id='quantity_wanted']]]>
    </line>
    <line>
      <![CDATA[Trying to find Element By : By.xpath: //input[@id='quantity_wanted']]]>
    </line>
    <line>
      <![CDATA[Found Element By : By.xpath: //input[@id='quantity_wanted']]]>
    </line>
    <line>
      <![CDATA[Trying to find Element By : By.xpath: //input[@id='quantity_wanted']]]>
    </line>
    <line>
      <![CDATA[Found Element By : By.xpath: //input[@id='quantity_wanted']]]>
    </line>
    <line>
      <![CDATA[Trying to find Element By : By.xpath: //div[@id='uniform-group_1']//following-sibling::option]]>
    </line>
    <line>
      <![CDATA[Found Element By : By.xpath: //div[@id='uniform-group_1']//following-sibling::option]]>
    </line>
    <line>
      <![CDATA[Trying to find Element By : By.xpath: //div[@id='uniform-group_1']//following-sibling::option]]>
    </line>
    <line>
      <![CDATA[Found Element By : By.xpath: //div[@id='uniform-group_1']//following-sibling::option]]>
    </line>
    <line>
      <![CDATA[Trying to find Element By : By.xpath: //div[@id='uniform-group_1']//following-sibling::option]]>
    </line>
    <line>
      <![CDATA[Found Element By : By.xpath: //div[@id='uniform-group_1']//following-sibling::option]]>
    </line>
    <line>
      <![CDATA[Trying to find Element By : By.xpath: //div[@id='uniform-group_1']//following-sibling::option]]>
    </line>
    <line>
      <![CDATA[Found Element By : By.xpath: //div[@id='uniform-group_1']//following-sibling::option]]>
    </line>
    <line>
      <![CDATA[Trying to find Element By : By.xpath: //div[@id='uniform-group_1']//following-sibling::option]]>
    </line>
    <line>
      <![CDATA[Found Element By : By.xpath: //div[@id='uniform-group_1']//following-sibling::option]]>
    </line>
    <line>
      <![CDATA[Trying to find Element By : By.xpath: //div[@id='uniform-group_1']//following-sibling::option]]>
    </line>
    <line>
      <![CDATA[Found Element By : By.xpath: //div[@id='uniform-group_1']//following-sibling::option]]>
    </line>
    <line>
      <![CDATA[Trying to find Element By : By.xpath: //div[@id='uniform-group_1']//following-sibling::option]]>
    </line>
    <line>
      <![CDATA[Found Element By : By.xpath: //div[@id='uniform-group_1']//following-sibling::option]]>
    </line>
    <line>
      <![CDATA[Trying to find Element By : By.xpath: //div[@id='uniform-group_1']//following-sibling::option]]>
    </line>
    <line>
      <![CDATA[Found Element By : By.xpath: //div[@id='uniform-group_1']//following-sibling::option]]>
    </line>
    <line>
      <![CDATA[Trying to click on: [[ChromeDriver: chrome on WINDOWS (0e5502e06bcb2a890f3cb93cb878060e)] -> xpath: //div[@id='uniform-group_1']//following-sibling::option]]]>
    </line>
    <line>
      <![CDATA[Clicked on: [[ChromeDriver: chrome on WINDOWS (0e5502e06bcb2a890f3cb93cb878060e)] -> xpath: //div[@id='uniform-group_1']//following-sibling::option]]]>
    </line>
    <line>
      <![CDATA[Trying to find Element By : By.xpath: //span[contains(text(),'Add to cart')]]]>
    </line>
    <line>
      <![CDATA[Found Element By : By.xpath: //span[contains(text(),'Add to cart')]]]>
    </line>
    <line>
      <![CDATA[Trying to click on: [[ChromeDriver: chrome on WINDOWS (0e5502e06bcb2a890f3cb93cb878060e)] -> xpath: //span[contains(text(),'Add to cart')]]]]>
    </line>
    <line>
      <![CDATA[Clicked on: [[ChromeDriver: chrome on WINDOWS (0e5502e06bcb2a890f3cb93cb878060e)] -> xpath: //span[contains(text(),'Add to cart')]]]]>
    </line>
    <line>
      <![CDATA[Trying to find Element By : By.xpath: //span[contains(text(),'Proceed to checkout')]]]>
    </line>
    <line>
      <![CDATA[Found Element By : By.xpath: //span[contains(text(),'Proceed to checkout')]]]>
    </line>
    <line>
      <![CDATA[Trying to find Element By : By.xpath: //span[contains(text(),'Proceed to checkout')]]]>
    </line>
    <line>
      <![CDATA[Found Element By : By.xpath: //span[contains(text(),'Proceed to checkout')]]]>
    </line>
    <line>
      <![CDATA[Trying to click on: [[ChromeDriver: chrome on WINDOWS (0e5502e06bcb2a890f3cb93cb878060e)] -> xpath: //span[contains(text(),'Proceed to checkout')]]]]>
    </line>
    <line>
      <![CDATA[Clicked on: [[ChromeDriver: chrome on WINDOWS (0e5502e06bcb2a890f3cb93cb878060e)] -> xpath: //span[contains(text(),'Proceed to checkout')]]]]>
    </line>
    <line>
      <![CDATA[Trying to find Element By : By.xpath: //span[contains(@id,'total_product_price')]]]>
    </line>
    <line>
      <![CDATA[Found Element By : By.xpath: //span[contains(@id,'total_product_price')]]]>
    </line>
    <line>
      <![CDATA[Trying to find Element By : By.xpath: //span[contains(@id,'total_product_price')]]]>
    </line>
    <line>
      <![CDATA[Found Element By : By.xpath: //span[contains(@id,'total_product_price')]]]>
    </line>
    <line>
      <![CDATA[Trying to find Element By : By.xpath: //span[contains(@id,'total_product_price')]]]>
    </line>
    <line>
      <![CDATA[Found Element By : By.xpath: //span[contains(@id,'total_product_price')]]]>
    </line>
    <line>
      <![CDATA[Trying to find Element By : By.xpath: //td[@id='total_shipping']]]>
    </line>
    <line>
      <![CDATA[Found Element By : By.xpath: //td[@id='total_shipping']]]>
    </line>
    <line>
      <![CDATA[Trying to find Element By : By.xpath: //span[@id='total_price']]]>
    </line>
    <line>
      <![CDATA[Found Element By : By.xpath: //span[@id='total_price']]]>
    </line>
    <line>
      <![CDATA[CheckOut Price  Validation     35.02 is equal to 35.02]]>
    </line>
    <line>
      <![CDATA[Trying to find Element By : By.xpath: //a[@class='button btn btn-default standard-checkout button-medium']//span[contains(text(),'Proceed to checkout')]]]>
    </line>
    <line>
      <![CDATA[Found Element By : By.xpath: //a[@class='button btn btn-default standard-checkout button-medium']//span[contains(text(),'Proceed to checkout')]]]>
    </line>
    <line>
      <![CDATA[Trying to click on: [[ChromeDriver: chrome on WINDOWS (0e5502e06bcb2a890f3cb93cb878060e)] -> xpath: //a[@class='button btn btn-default standard-checkout button-medium']//span[contains(text(),'Proceed to checkout')]]]]>
    </line>
    <line>
      <![CDATA[Clicked on: [[ChromeDriver: chrome on WINDOWS (0e5502e06bcb2a890f3cb93cb878060e)] -> xpath: //a[@class='button btn btn-default standard-checkout button-medium']//span[contains(text(),'Proceed to checkout')]]]]>
    </line>
    <line>
      <![CDATA[Trying to find Element By : By.xpath: //button[@name='processAddress']//span[contains(text(),'Proceed to checkout')]]]>
    </line>
    <line>
      <![CDATA[Found Element By : By.xpath: //button[@name='processAddress']//span[contains(text(),'Proceed to checkout')]]]>
    </line>
    <line>
      <![CDATA[Trying to click on: [[ChromeDriver: chrome on WINDOWS (0e5502e06bcb2a890f3cb93cb878060e)] -> xpath: //button[@name='processAddress']//span[contains(text(),'Proceed to checkout')]]]]>
    </line>
    <line>
      <![CDATA[Clicked on: [[ChromeDriver: chrome on WINDOWS (0e5502e06bcb2a890f3cb93cb878060e)] -> xpath: //button[@name='processAddress']//span[contains(text(),'Proceed to checkout')]]]]>
    </line>
    <line>
      <![CDATA[Trying to find Element By : By.xpath: //input[@id='cgv']]]>
    </line>
    <line>
      <![CDATA[Found Element By : By.xpath: //input[@id='cgv']]]>
    </line>
    <line>
      <![CDATA[Trying to click on: [[ChromeDriver: chrome on WINDOWS (0e5502e06bcb2a890f3cb93cb878060e)] -> xpath: //input[@id='cgv']]]]>
    </line>
    <line>
      <![CDATA[Clicked on: [[ChromeDriver: chrome on WINDOWS (0e5502e06bcb2a890f3cb93cb878060e)] -> xpath: //input[@id='cgv']]]]>
    </line>
    <line>
      <![CDATA[Trying to find Element By : By.xpath: //button[@name='processCarrier']//span[contains(text(),'Proceed to checkout')]]]>
    </line>
    <line>
      <![CDATA[Found Element By : By.xpath: //button[@name='processCarrier']//span[contains(text(),'Proceed to checkout')]]]>
    </line>
    <line>
      <![CDATA[Trying to click on: [[ChromeDriver: chrome on WINDOWS (0e5502e06bcb2a890f3cb93cb878060e)] -> xpath: //button[@name='processCarrier']//span[contains(text(),'Proceed to checkout')]]]]>
    </line>
    <line>
      <![CDATA[Clicked on: [[ChromeDriver: chrome on WINDOWS (0e5502e06bcb2a890f3cb93cb878060e)] -> xpath: //button[@name='processCarrier']//span[contains(text(),'Proceed to checkout')]]]]>
    </line>
    <line>
      <![CDATA[Trying to find Element By : By.xpath: //span[@id='total_price']]]>
    </line>
    <line>
      <![CDATA[Found Element By : By.xpath: //span[@id='total_price']]]>
    </line>
    <line>
      <![CDATA[Trying to find Element By : By.xpath: //a[@class='bankwire']]]>
    </line>
    <line>
      <![CDATA[Found Element By : By.xpath: //a[@class='bankwire']]]>
    </line>
    <line>
      <![CDATA[Trying to click on: [[ChromeDriver: chrome on WINDOWS (0e5502e06bcb2a890f3cb93cb878060e)] -> xpath: //a[@class='bankwire']]]]>
    </line>
    <line>
      <![CDATA[Clicked on: [[ChromeDriver: chrome on WINDOWS (0e5502e06bcb2a890f3cb93cb878060e)] -> xpath: //a[@class='bankwire']]]]>
    </line>
    <line>
      <![CDATA[Trying to find Element By : By.xpath: //span[contains(text(),'I confirm my order')]]]>
    </line>
    <line>
      <![CDATA[Found Element By : By.xpath: //span[contains(text(),'I confirm my order')]]]>
    </line>
    <line>
      <![CDATA[Trying to click on: [[ChromeDriver: chrome on WINDOWS (0e5502e06bcb2a890f3cb93cb878060e)] -> xpath: //span[contains(text(),'I confirm my order')]]]]>
    </line>
    <line>
      <![CDATA[Clicked on: [[ChromeDriver: chrome on WINDOWS (0e5502e06bcb2a890f3cb93cb878060e)] -> xpath: //span[contains(text(),'I confirm my order')]]]]>
    </line>
    <line>
      <![CDATA[Trying to find Element By : By.xpath: //span[@class='price']]]>
    </line>
    <line>
      <![CDATA[Found Element By : By.xpath: //span[@class='price']]]>
    </line>
    <line>
      <![CDATA[Final Price Validation Validation     35.02 is equal to 35.02]]>
    </line>
    <line>
      <![CDATA[Trying to find Element By : By.xpath: //a[@class='logout']]]>
    </line>
    <line>
      <![CDATA[Found Element By : By.xpath: //a[@class='logout']]]>
    </line>
    <line>
      <![CDATA[Trying to click on: [[ChromeDriver: chrome on WINDOWS (0e5502e06bcb2a890f3cb93cb878060e)] -> xpath: //a[@class='logout']]]]>
    </line>
    <line>
      <![CDATA[Clicked on: [[ChromeDriver: chrome on WINDOWS (0e5502e06bcb2a890f3cb93cb878060e)] -> xpath: //a[@class='logout']]]]>
    </line>
    <line>
      <![CDATA[Trying to find Element By : By.xpath: //div[@class='header_user_info']]]>
    </line>
    <line>
      <![CDATA[Found Element By : By.xpath: //div[@class='header_user_info']]]>
    </line>
    <line>
      <![CDATA[Logout successfull]]>
    </line>
  </reporter-output>
  <suite name="Suite" duration-ms="81510" started-at="2020-05-13T14:12:24Z" finished-at="2020-05-13T14:13:46Z">
    <groups>
    </groups>
    <test name="Test" duration-ms="81510" started-at="2020-05-13T14:12:24Z" finished-at="2020-05-13T14:13:46Z">
      <class name="com.AP.qa.TEST1.Test1">
        <test-method status="PASS" signature="init(java.lang.String)[pri:0, instance:com.AP.qa.TEST1.Test1@64485a47]" name="init" is-config="true" duration-ms="6810" started-at="2020-05-13T19:42:24Z" finished-at="2020-05-13T19:42:31Z">
          <params>
            <param index="0">
              <value>
                <![CDATA[chrome]]>
              </value>
            </param>
          </params>
          <reporter-output>
          </reporter-output>
        </test-method> <!-- init -->
        <test-method status="PASS" signature="Setup()[pri:0, instance:com.AP.qa.TEST1.Test1@64485a47]" name="Setup" is-config="true" duration-ms="38187" started-at="2020-05-13T19:42:31Z" finished-at="2020-05-13T19:43:09Z">
          <reporter-output>
            <line>
              <![CDATA[Before navigating to: 'http://automationpractice.com/index.php']]>
            </line>
            <line>
              <![CDATA[Navigated to:'http://automationpractice.com/index.php']]>
            </line>
            <line>
              <![CDATA[Trying to find Element By : By.xpath: //a[@class='login']]]>
            </line>
            <line>
              <![CDATA[Found Element By : By.xpath: //a[@class='login']]]>
            </line>
            <line>
              <![CDATA[Trying to click on: [[ChromeDriver: chrome on WINDOWS (0e5502e06bcb2a890f3cb93cb878060e)] -> xpath: //a[@class='login']]]]>
            </line>
            <line>
              <![CDATA[Clicked on: [[ChromeDriver: chrome on WINDOWS (0e5502e06bcb2a890f3cb93cb878060e)] -> xpath: //a[@class='login']]]]>
            </line>
            <line>
              <![CDATA[Trying to find Element By : By.xpath: //input[@id='email']]]>
            </line>
            <line>
              <![CDATA[Found Element By : By.xpath: //input[@id='email']]]>
            </line>
            <line>
              <![CDATA[Trying to find Element By : By.xpath: //input[@id='passwd']]]>
            </line>
            <line>
              <![CDATA[Found Element By : By.xpath: //input[@id='passwd']]]>
            </line>
            <line>
              <![CDATA[Trying to find Element By : By.xpath: //button[@id='SubmitLogin']]]>
            </line>
            <line>
              <![CDATA[Found Element By : By.xpath: //button[@id='SubmitLogin']]]>
            </line>
            <line>
              <![CDATA[Trying to click on: [[ChromeDriver: chrome on WINDOWS (0e5502e06bcb2a890f3cb93cb878060e)] -> xpath: //button[@id='SubmitLogin']]]]>
            </line>
            <line>
              <![CDATA[Clicked on: [[ChromeDriver: chrome on WINDOWS (0e5502e06bcb2a890f3cb93cb878060e)] -> xpath: //button[@id='SubmitLogin']]]]>
            </line>
            <line>
              <![CDATA[Trying to find Element By : By.xpath: //span[contains(text(),'sunil jaiswal')]]]>
            </line>
            <line>
              <![CDATA[Found Element By : By.xpath: //span[contains(text(),'sunil jaiswal')]]]>
            </line>
            <line>
              <![CDATA[Trying to find Element By : By.xpath: //img[@class='logo img-responsive']]]>
            </line>
            <line>
              <![CDATA[Found Element By : By.xpath: //img[@class='logo img-responsive']]]>
            </line>
            <line>
              <![CDATA[Trying to click on: [[ChromeDriver: chrome on WINDOWS (0e5502e06bcb2a890f3cb93cb878060e)] -> xpath: //img[@class='logo img-responsive']]]]>
            </line>
            <line>
              <![CDATA[Clicked on: [[ChromeDriver: chrome on WINDOWS (0e5502e06bcb2a890f3cb93cb878060e)] -> xpath: //img[@class='logo img-responsive']]]]>
            </line>
          </reporter-output>
        </test-method> <!-- Setup -->
        <test-method status="PASS" signature="SelectProduct()[pri:1, instance:com.AP.qa.TEST1.Test1@64485a47]" name="SelectProduct" duration-ms="11080" started-at="2020-05-13T19:43:09Z" finished-at="2020-05-13T19:43:20Z">
          <reporter-output>
            <line>
              <![CDATA[Trying to find Element By : By.xpath: //ul[@id='homefeatured']//li[@class='ajax_block_product col-xs-12 col-sm-4 col-md-3 first-in-line first-item-of-tablet-line first-item-of-mobile-line']//div[@class='product-image-container']]]>
            </line>
            <line>
              <![CDATA[Found Element By : By.xpath: //ul[@id='homefeatured']//li[@class='ajax_block_product col-xs-12 col-sm-4 col-md-3 first-in-line first-item-of-tablet-line first-item-of-mobile-line']//div[@class='product-image-container']]]>
            </line>
            <line>
              <![CDATA[Trying to find Element By : By.xpath: //li[@class='ajax_block_product col-xs-12 col-sm-4 col-md-3 first-in-line first-item-of-tablet-line first-item-of-mobile-line hovered']//a[@class='product-name'][contains(text(),'Faded Short Sleeve T-shirts')]]]>
            </line>
            <line>
              <![CDATA[Found Element By : By.xpath: //li[@class='ajax_block_product col-xs-12 col-sm-4 col-md-3 first-in-line first-item-of-tablet-line first-item-of-mobile-line hovered']//a[@class='product-name'][contains(text(),'Faded Short Sleeve T-shirts')]]]>
            </line>
            <line>
              <![CDATA[Trying to click on: [[ChromeDriver: chrome on WINDOWS (0e5502e06bcb2a890f3cb93cb878060e)] -> xpath: //li[@class='ajax_block_product col-xs-12 col-sm-4 col-md-3 first-in-line first-item-of-tablet-line first-item-of-mobile-line hovered']//a[@class='product-name'][contains(text(),'Faded Short Sleeve T-shirts')]]]]>
            </line>
            <line>
              <![CDATA[Clicked on: [[ChromeDriver: chrome on WINDOWS (0e5502e06bcb2a890f3cb93cb878060e)] -> xpath: //li[@class='ajax_block_product col-xs-12 col-sm-4 col-md-3 first-in-line first-item-of-tablet-line first-item-of-mobile-line hovered']//a[@class='product-name'][contains(text(),'Faded Short Sleeve T-shirts')]]]]>
            </line>
            <line>
              <![CDATA[Trying to find Element By : By.xpath: //input[@id='quantity_wanted']]]>
            </line>
            <line>
              <![CDATA[Found Element By : By.xpath: //input[@id='quantity_wanted']]]>
            </line>
            <line>
              <![CDATA[Trying to find Element By : By.xpath: //input[@id='quantity_wanted']]]>
            </line>
            <line>
              <![CDATA[Found Element By : By.xpath: //input[@id='quantity_wanted']]]>
            </line>
            <line>
              <![CDATA[Trying to find Element By : By.xpath: //input[@id='quantity_wanted']]]>
            </line>
            <line>
              <![CDATA[Found Element By : By.xpath: //input[@id='quantity_wanted']]]>
            </line>
            <line>
              <![CDATA[Trying to find Element By : By.xpath: //div[@id='uniform-group_1']//following-sibling::option]]>
            </line>
            <line>
              <![CDATA[Found Element By : By.xpath: //div[@id='uniform-group_1']//following-sibling::option]]>
            </line>
            <line>
              <![CDATA[Trying to find Element By : By.xpath: //div[@id='uniform-group_1']//following-sibling::option]]>
            </line>
            <line>
              <![CDATA[Found Element By : By.xpath: //div[@id='uniform-group_1']//following-sibling::option]]>
            </line>
            <line>
              <![CDATA[Trying to find Element By : By.xpath: //div[@id='uniform-group_1']//following-sibling::option]]>
            </line>
            <line>
              <![CDATA[Found Element By : By.xpath: //div[@id='uniform-group_1']//following-sibling::option]]>
            </line>
            <line>
              <![CDATA[Trying to find Element By : By.xpath: //div[@id='uniform-group_1']//following-sibling::option]]>
            </line>
            <line>
              <![CDATA[Found Element By : By.xpath: //div[@id='uniform-group_1']//following-sibling::option]]>
            </line>
            <line>
              <![CDATA[Trying to find Element By : By.xpath: //div[@id='uniform-group_1']//following-sibling::option]]>
            </line>
            <line>
              <![CDATA[Found Element By : By.xpath: //div[@id='uniform-group_1']//following-sibling::option]]>
            </line>
            <line>
              <![CDATA[Trying to find Element By : By.xpath: //div[@id='uniform-group_1']//following-sibling::option]]>
            </line>
            <line>
              <![CDATA[Found Element By : By.xpath: //div[@id='uniform-group_1']//following-sibling::option]]>
            </line>
            <line>
              <![CDATA[Trying to find Element By : By.xpath: //div[@id='uniform-group_1']//following-sibling::option]]>
            </line>
            <line>
              <![CDATA[Found Element By : By.xpath: //div[@id='uniform-group_1']//following-sibling::option]]>
            </line>
            <line>
              <![CDATA[Trying to find Element By : By.xpath: //div[@id='uniform-group_1']//following-sibling::option]]>
            </line>
            <line>
              <![CDATA[Found Element By : By.xpath: //div[@id='uniform-group_1']//following-sibling::option]]>
            </line>
            <line>
              <![CDATA[Trying to click on: [[ChromeDriver: chrome on WINDOWS (0e5502e06bcb2a890f3cb93cb878060e)] -> xpath: //div[@id='uniform-group_1']//following-sibling::option]]]>
            </line>
            <line>
              <![CDATA[Clicked on: [[ChromeDriver: chrome on WINDOWS (0e5502e06bcb2a890f3cb93cb878060e)] -> xpath: //div[@id='uniform-group_1']//following-sibling::option]]]>
            </line>
            <line>
              <![CDATA[Trying to find Element By : By.xpath: //span[contains(text(),'Add to cart')]]]>
            </line>
            <line>
              <![CDATA[Found Element By : By.xpath: //span[contains(text(),'Add to cart')]]]>
            </line>
            <line>
              <![CDATA[Trying to click on: [[ChromeDriver: chrome on WINDOWS (0e5502e06bcb2a890f3cb93cb878060e)] -> xpath: //span[contains(text(),'Add to cart')]]]]>
            </line>
            <line>
              <![CDATA[Clicked on: [[ChromeDriver: chrome on WINDOWS (0e5502e06bcb2a890f3cb93cb878060e)] -> xpath: //span[contains(text(),'Add to cart')]]]]>
            </line>
            <line>
              <![CDATA[Trying to find Element By : By.xpath: //span[contains(text(),'Proceed to checkout')]]]>
            </line>
            <line>
              <![CDATA[Found Element By : By.xpath: //span[contains(text(),'Proceed to checkout')]]]>
            </line>
            <line>
              <![CDATA[Trying to find Element By : By.xpath: //span[contains(text(),'Proceed to checkout')]]]>
            </line>
            <line>
              <![CDATA[Found Element By : By.xpath: //span[contains(text(),'Proceed to checkout')]]]>
            </line>
            <line>
              <![CDATA[Trying to click on: [[ChromeDriver: chrome on WINDOWS (0e5502e06bcb2a890f3cb93cb878060e)] -> xpath: //span[contains(text(),'Proceed to checkout')]]]]>
            </line>
            <line>
              <![CDATA[Clicked on: [[ChromeDriver: chrome on WINDOWS (0e5502e06bcb2a890f3cb93cb878060e)] -> xpath: //span[contains(text(),'Proceed to checkout')]]]]>
            </line>
            <line>
              <![CDATA[Trying to find Element By : By.xpath: //span[contains(@id,'total_product_price')]]]>
            </line>
            <line>
              <![CDATA[Found Element By : By.xpath: //span[contains(@id,'total_product_price')]]]>
            </line>
            <line>
              <![CDATA[Trying to find Element By : By.xpath: //span[contains(@id,'total_product_price')]]]>
            </line>
            <line>
              <![CDATA[Found Element By : By.xpath: //span[contains(@id,'total_product_price')]]]>
            </line>
            <line>
              <![CDATA[Trying to find Element By : By.xpath: //span[contains(@id,'total_product_price')]]]>
            </line>
            <line>
              <![CDATA[Found Element By : By.xpath: //span[contains(@id,'total_product_price')]]]>
            </line>
            <line>
              <![CDATA[Trying to find Element By : By.xpath: //td[@id='total_shipping']]]>
            </line>
            <line>
              <![CDATA[Found Element By : By.xpath: //td[@id='total_shipping']]]>
            </line>
            <line>
              <![CDATA[Trying to find Element By : By.xpath: //span[@id='total_price']]]>
            </line>
            <line>
              <![CDATA[Found Element By : By.xpath: //span[@id='total_price']]]>
            </line>
            <line>
              <![CDATA[CheckOut Price  Validation     35.02 is equal to 35.02]]>
            </line>
          </reporter-output>
        </test-method> <!-- SelectProduct -->
        <test-method status="PASS" signature="Payment()[pri:2, instance:com.AP.qa.TEST1.Test1@64485a47]" name="Payment" duration-ms="18670" started-at="2020-05-13T19:43:20Z" finished-at="2020-05-13T19:43:39Z">
          <reporter-output>
            <line>
              <![CDATA[Trying to find Element By : By.xpath: //a[@class='button btn btn-default standard-checkout button-medium']//span[contains(text(),'Proceed to checkout')]]]>
            </line>
            <line>
              <![CDATA[Found Element By : By.xpath: //a[@class='button btn btn-default standard-checkout button-medium']//span[contains(text(),'Proceed to checkout')]]]>
            </line>
            <line>
              <![CDATA[Trying to click on: [[ChromeDriver: chrome on WINDOWS (0e5502e06bcb2a890f3cb93cb878060e)] -> xpath: //a[@class='button btn btn-default standard-checkout button-medium']//span[contains(text(),'Proceed to checkout')]]]]>
            </line>
            <line>
              <![CDATA[Clicked on: [[ChromeDriver: chrome on WINDOWS (0e5502e06bcb2a890f3cb93cb878060e)] -> xpath: //a[@class='button btn btn-default standard-checkout button-medium']//span[contains(text(),'Proceed to checkout')]]]]>
            </line>
            <line>
              <![CDATA[Trying to find Element By : By.xpath: //button[@name='processAddress']//span[contains(text(),'Proceed to checkout')]]]>
            </line>
            <line>
              <![CDATA[Found Element By : By.xpath: //button[@name='processAddress']//span[contains(text(),'Proceed to checkout')]]]>
            </line>
            <line>
              <![CDATA[Trying to click on: [[ChromeDriver: chrome on WINDOWS (0e5502e06bcb2a890f3cb93cb878060e)] -> xpath: //button[@name='processAddress']//span[contains(text(),'Proceed to checkout')]]]]>
            </line>
            <line>
              <![CDATA[Clicked on: [[ChromeDriver: chrome on WINDOWS (0e5502e06bcb2a890f3cb93cb878060e)] -> xpath: //button[@name='processAddress']//span[contains(text(),'Proceed to checkout')]]]]>
            </line>
            <line>
              <![CDATA[Trying to find Element By : By.xpath: //input[@id='cgv']]]>
            </line>
            <line>
              <![CDATA[Found Element By : By.xpath: //input[@id='cgv']]]>
            </line>
            <line>
              <![CDATA[Trying to click on: [[ChromeDriver: chrome on WINDOWS (0e5502e06bcb2a890f3cb93cb878060e)] -> xpath: //input[@id='cgv']]]]>
            </line>
            <line>
              <![CDATA[Clicked on: [[ChromeDriver: chrome on WINDOWS (0e5502e06bcb2a890f3cb93cb878060e)] -> xpath: //input[@id='cgv']]]]>
            </line>
            <line>
              <![CDATA[Trying to find Element By : By.xpath: //button[@name='processCarrier']//span[contains(text(),'Proceed to checkout')]]]>
            </line>
            <line>
              <![CDATA[Found Element By : By.xpath: //button[@name='processCarrier']//span[contains(text(),'Proceed to checkout')]]]>
            </line>
            <line>
              <![CDATA[Trying to click on: [[ChromeDriver: chrome on WINDOWS (0e5502e06bcb2a890f3cb93cb878060e)] -> xpath: //button[@name='processCarrier']//span[contains(text(),'Proceed to checkout')]]]]>
            </line>
            <line>
              <![CDATA[Clicked on: [[ChromeDriver: chrome on WINDOWS (0e5502e06bcb2a890f3cb93cb878060e)] -> xpath: //button[@name='processCarrier']//span[contains(text(),'Proceed to checkout')]]]]>
            </line>
            <line>
              <![CDATA[Trying to find Element By : By.xpath: //span[@id='total_price']]]>
            </line>
            <line>
              <![CDATA[Found Element By : By.xpath: //span[@id='total_price']]]>
            </line>
            <line>
              <![CDATA[Trying to find Element By : By.xpath: //a[@class='bankwire']]]>
            </line>
            <line>
              <![CDATA[Found Element By : By.xpath: //a[@class='bankwire']]]>
            </line>
            <line>
              <![CDATA[Trying to click on: [[ChromeDriver: chrome on WINDOWS (0e5502e06bcb2a890f3cb93cb878060e)] -> xpath: //a[@class='bankwire']]]]>
            </line>
            <line>
              <![CDATA[Clicked on: [[ChromeDriver: chrome on WINDOWS (0e5502e06bcb2a890f3cb93cb878060e)] -> xpath: //a[@class='bankwire']]]]>
            </line>
            <line>
              <![CDATA[Trying to find Element By : By.xpath: //span[contains(text(),'I confirm my order')]]]>
            </line>
            <line>
              <![CDATA[Found Element By : By.xpath: //span[contains(text(),'I confirm my order')]]]>
            </line>
            <line>
              <![CDATA[Trying to click on: [[ChromeDriver: chrome on WINDOWS (0e5502e06bcb2a890f3cb93cb878060e)] -> xpath: //span[contains(text(),'I confirm my order')]]]]>
            </line>
            <line>
              <![CDATA[Clicked on: [[ChromeDriver: chrome on WINDOWS (0e5502e06bcb2a890f3cb93cb878060e)] -> xpath: //span[contains(text(),'I confirm my order')]]]]>
            </line>
            <line>
              <![CDATA[Trying to find Element By : By.xpath: //span[@class='price']]]>
            </line>
            <line>
              <![CDATA[Found Element By : By.xpath: //span[@class='price']]]>
            </line>
            <line>
              <![CDATA[Final Price Validation Validation     35.02 is equal to 35.02]]>
            </line>
          </reporter-output>
        </test-method> <!-- Payment -->
        <test-method status="PASS" signature="LogoutTest()[pri:3, instance:com.AP.qa.TEST1.Test1@64485a47]" name="LogoutTest" duration-ms="5380" started-at="2020-05-13T19:43:39Z" finished-at="2020-05-13T19:43:45Z">
          <reporter-output>
            <line>
              <![CDATA[Trying to find Element By : By.xpath: //a[@class='logout']]]>
            </line>
            <line>
              <![CDATA[Found Element By : By.xpath: //a[@class='logout']]]>
            </line>
            <line>
              <![CDATA[Trying to click on: [[ChromeDriver: chrome on WINDOWS (0e5502e06bcb2a890f3cb93cb878060e)] -> xpath: //a[@class='logout']]]]>
            </line>
            <line>
              <![CDATA[Clicked on: [[ChromeDriver: chrome on WINDOWS (0e5502e06bcb2a890f3cb93cb878060e)] -> xpath: //a[@class='logout']]]]>
            </line>
            <line>
              <![CDATA[Trying to find Element By : By.xpath: //div[@class='header_user_info']]]>
            </line>
            <line>
              <![CDATA[Found Element By : By.xpath: //div[@class='header_user_info']]]>
            </line>
            <line>
              <![CDATA[Logout successfull]]>
            </line>
          </reporter-output>
        </test-method> <!-- LogoutTest -->
        <test-method status="PASS" signature="tearUp()[pri:0, instance:com.AP.qa.TEST1.Test1@64485a47]" name="tearUp" is-config="true" duration-ms="1239" started-at="2020-05-13T19:43:45Z" finished-at="2020-05-13T19:43:46Z">
          <reporter-output>
          </reporter-output>
        </test-method> <!-- tearUp -->
      </class> <!-- com.AP.qa.TEST1.Test1 -->
    </test> <!-- Test -->
  </suite> <!-- Suite -->
</testng-results>
